2025-05-09 13:05:21,107 - INFO - Processing signal: NSE:RELIANCE-EQ_2025-05-09 07:00:00+05:30_Sell
2025-05-09 13:05:21,133 - INFO - Processing signal: NSE:TCS-EQ_2025-05-09 07:00:00+05:30_Sell
2025-05-09 13:05:21,162 - INFO - Processing signal: NSE:HDFCBANK-EQ_2025-05-09 07:00:00+05:30_Sell
2025-05-09 13:05:21,200 - INFO - Processing signal: NSE:HINDUNILVR-EQ_2025-05-09 07:00:00+05:30_Sell
2025-05-09 13:05:21,219 - INFO - Processing signal: NSE:ICICIBANK-EQ_2025-05-09 07:00:00+05:30_Sell
2025-05-09 13:05:21,248 - INFO - Processing signal: NSE:AXISBANK-EQ_2025-05-09 07:00:00+05:30_Sell
2025-05-09 13:05:21,268 - INFO - Processing signal: NSE:SBIN-EQ_2025-05-09 07:00:00+05:30_Sell
2025-05-09 13:05:21,286 - INFO - Processing signal: NSE:BAJFINANCE-EQ_2025-05-09 07:00:00+05:30_Sell
2025-05-09 13:05:21,304 - INFO - Processing signal: NSE:LT-EQ_2025-05-09 07:00:00+05:30_Buy
2025-05-09 13:05:21,304 - INFO - Opened trade for NSE:LT-EQ at 3448.7
2025-05-09 13:05:21,320 - INFO - Processing signal: NSE:ASIANPAINT-EQ_2025-05-09 07:00:00+05:30_Sell
2025-05-09 13:05:21,343 - INFO - Processing signal: NSE:ITC-EQ_2025-05-09 07:00:00+05:30_Sell
2025-05-09 13:05:21,357 - INFO - Processing signal: NSE:MARUTI-EQ_2025-05-09 07:00:00+05:30_Sell
2025-05-09 13:05:21,371 - INFO - Processing signal: NSE:SUNPHARMA-EQ_2025-05-09 07:00:00+05:30_Sell
2025-05-09 13:05:21,386 - INFO - Processing signal: NSE:BAJAJFINSV-EQ_2025-05-09 07:00:00+05:30_Sell
2025-05-09 13:05:21,400 - INFO - Processing signal: NSE:ULTRACEMCO-EQ_2025-05-09 07:00:00+05:30_Sell
2025-05-09 13:05:21,419 - INFO - Processing signal: NSE:JSWSTEEL-EQ_2025-05-09 07:00:00+05:30_Sell
2025-05-09 13:05:21,435 - INFO - Processing signal: NSE:TITAN-EQ_2025-05-09 07:00:00+05:30_Buy
2025-05-09 13:05:21,435 - INFO - Opened trade for NSE:TITAN-EQ at 3496.5
2025-05-09 13:05:21,462 - INFO - Processing signal: NSE:ONGC-EQ_2025-05-09 07:00:00+05:30_Sell
2025-05-09 13:05:21,475 - INFO - Processing signal: NSE:POWERGRID-EQ_2025-05-09 07:00:00+05:30_Sell
2025-05-09 13:05:21,489 - INFO - Processing signal: NSE:NTPC-EQ_2025-05-09 07:00:00+05:30_Sell
2025-05-09 13:05:21,505 - INFO - Processing signal: NSE:IOC-EQ_2025-05-09 07:00:00+05:30_Sell
2025-05-09 13:05:21,519 - INFO - Processing signal: NSE:DIVISLAB-EQ_2025-05-09 07:00:00+05:30_Sell
2025-05-09 13:05:21,535 - INFO - Processing signal: NSE:SBILIFE-EQ_2025-05-09 07:00:00+05:30_Sell
2025-05-09 13:05:21,548 - INFO - Processing signal: NSE:GRASIM-EQ_2025-05-09 07:00:00+05:30_Sell
2025-05-09 13:05:21,560 - INFO - Processing signal: NSE:UPL-EQ_2025-05-09 07:00:00+05:30_Sell
2025-05-09 13:05:21,575 - INFO - Processing signal: NSE:TECHM-EQ_2025-05-09 07:00:00+05:30_Sell
2025-05-09 13:05:21,589 - INFO - Processing signal: NSE:WIPRO-EQ_2025-05-09 07:00:00+05:30_Sell
2025-05-09 13:05:21,601 - INFO - Processing signal: NSE:BPCL-EQ_2025-05-09 07:00:00+05:30_Sell
2025-05-09 13:05:21,616 - INFO - Processing signal: NSE:CIPLA-EQ_2025-05-09 07:00:00+05:30_Sell
2025-05-09 13:05:21,630 - INFO - Processing signal: NSE:EICHERMOT-EQ_2025-05-09 07:00:00+05:30_Sell
2025-05-09 13:05:21,645 - INFO - Processing signal: NSE:DRREDDY-EQ_2025-05-09 07:00:00+05:30_Sell
2025-05-09 13:05:21,667 - INFO - Processing signal: NSE:VEDL-EQ_2025-05-09 07:00:00+05:30_Sell
2025-05-09 13:05:21,688 - INFO - Processing signal: NSE:NESTLEIND-EQ_2025-05-09 07:00:00+05:30_Sell
2025-05-09 13:05:21,710 - INFO - Processing signal: NSE:INDUSINDBK-EQ_2025-05-09 07:00:00+05:30_Sell
2025-05-09 13:05:21,723 - INFO - Processing signal: NSE:BRITANNIA-EQ_2025-05-09 07:00:00+05:30_Buy
2025-05-09 13:05:21,723 - INFO - Opened trade for NSE:BRITANNIA-EQ at 5433.0
2025-05-09 13:05:21,737 - INFO - Processing signal: NSE:HEROMOTOCO-EQ_2025-05-09 07:00:00+05:30_Buy
2025-05-09 13:05:21,737 - INFO - Opened trade for NSE:HEROMOTOCO-EQ at 3856.5
2025-05-09 13:05:21,749 - INFO - Processing signal: NSE:COALINDIA-EQ_2025-05-09 07:00:00+05:30_Sell
2025-05-09 13:05:21,764 - INFO - Processing signal: NSE:BHARTIARTL-EQ_2025-05-09 07:00:00+05:30_Sell
2025-05-09 13:05:21,778 - INFO - Processing signal: NSE:SHREECEM-EQ_2025-05-09 07:00:00+05:30_Sell
2025-05-09 13:05:21,791 - INFO - Processing signal: NSE:HINDALCO-EQ_2025-05-09 07:00:00+05:30_Sell
2025-05-09 13:05:21,805 - INFO - Processing signal: NSE:APOLLOHOSP-EQ_2025-05-09 07:00:00+05:30_Sell
2025-05-09 13:05:21,818 - INFO - Processing signal: NSE:TATASTEEL-EQ_2025-05-09 07:00:00+05:30_Sell
2025-05-09 13:05:21,840 - INFO - Processing signal: NSE:SIEMENS-EQ_2025-05-09 07:00:00+05:30_Sell
2025-05-09 13:05:21,862 - INFO - Processing signal: NSE:AMBUJACEM-EQ_2025-05-09 07:00:00+05:30_Sell
2025-05-09 13:05:21,877 - INFO - Processing signal: NSE:ACC-EQ_2025-05-09 07:00:00+05:30_Sell
2025-05-09 13:05:21,894 - INFO - Processing signal: NSE:GAIL-EQ_2025-05-09 07:00:00+05:30_Sell
2025-05-09 13:05:21,917 - INFO - Processing signal: NSE:GODREJCP-EQ_2025-05-09 07:00:00+05:30_Sell
2025-05-09 13:05:21,930 - INFO - Processing signal: NSE:NAUKRI-EQ_2025-05-09 07:00:00+05:30_Sell
2025-05-09 13:05:21,949 - INFO - Processing signal: NSE:PAGEIND-EQ_2025-05-09 07:00:00+05:30_Sell
2025-05-09 13:05:21,963 - INFO - Processing signal: NSE:HAVELLS-EQ_2025-05-09 07:00:00+05:30_Sell
2025-05-09 13:05:21,976 - INFO - Processing signal: NSE:BERGEPAINT-EQ_2025-05-09 07:00:00+05:30_Sell
2025-05-09 13:05:21,989 - INFO - Processing signal: NSE:LUPIN-EQ_2025-05-09 07:00:00+05:30_Sell
2025-05-09 13:05:22,003 - INFO - Processing signal: NSE:COLPAL-EQ_2025-05-09 07:00:00+05:30_Sell
2025-05-09 13:05:22,018 - INFO - Processing signal: NSE:ALKEM-EQ_2025-05-09 07:00:00+05:30_Sell
2025-05-09 13:05:22,051 - INFO - Processing signal: NSE:BANDHANBNK-EQ_2025-05-09 07:00:00+05:30_Sell
2025-05-09 13:05:22,067 - INFO - Processing signal: NSE:BATAINDIA-EQ_2025-05-09 07:00:00+05:30_Sell
2025-05-09 13:05:22,104 - INFO - Processing signal: NSE:CASTROLIND-EQ_2025-05-09 07:00:00+05:30_Sell
2025-05-09 13:05:22,118 - INFO - Processing signal: NSE:CHOLAFIN-EQ_2025-05-09 07:00:00+05:30_Sell
2025-05-09 13:05:22,140 - INFO - Processing signal: NSE:CONCOR-EQ_2025-05-09 07:00:00+05:30_Sell
2025-05-09 13:05:22,158 - INFO - Processing signal: NSE:CUMMINSIND-EQ_2025-05-09 07:00:00+05:30_Sell
2025-05-09 13:05:22,173 - INFO - Processing signal: NSE:DABUR-EQ_2025-05-09 07:00:00+05:30_Sell
2025-05-09 13:05:22,190 - INFO - Processing signal: NSE:DEEPAKNTR-EQ_2025-05-09 07:00:00+05:30_Sell
2025-05-09 13:05:22,209 - INFO - Processing signal: NSE:ESCORTS-EQ_2025-05-09 07:00:00+05:30_Sell
2025-05-09 13:05:22,226 - INFO - Processing signal: NSE:FEDERALBNK-EQ_2025-05-09 07:00:00+05:30_Sell
2025-05-09 13:05:22,249 - INFO - Processing signal: NSE:GSPL-EQ_2025-05-09 07:00:00+05:30_Sell
2025-05-09 13:05:22,264 - INFO - Processing signal: NSE:HDFCLIFE-EQ_2025-05-09 07:00:00+05:30_Sell
2025-05-09 13:05:22,284 - INFO - Processing signal: NSE:ICICIGI-EQ_2025-05-09 07:00:00+05:30_Sell
2025-05-09 13:05:22,299 - INFO - Processing signal: NSE:ICICIPRULI-EQ_2025-05-09 07:00:00+05:30_Sell
2025-05-09 13:05:22,319 - INFO - Processing signal: NSE:IGL-EQ_2025-05-09 07:00:00+05:30_Sell
2025-05-09 13:05:22,342 - INFO - Processing signal: NSE:IPCALAB-EQ_2025-05-09 07:00:00+05:30_Sell
2025-05-09 13:05:22,356 - INFO - Processing signal: NSE:IRCTC-EQ_2025-05-09 07:00:00+05:30_Sell
2025-05-09 13:05:22,372 - INFO - Processing signal: NSE:JINDALSTEL-EQ_2025-05-09 07:00:00+05:30_Sell
2025-05-09 13:05:22,394 - INFO - Processing signal: NSE:JUSTDIAL-EQ_2025-05-09 07:00:00+05:30_Sell
2025-05-09 13:05:22,408 - INFO - Processing signal: NSE:KTKBANK-EQ_2025-05-09 07:00:00+05:30_Sell
2025-05-09 13:05:22,421 - INFO - Processing signal: NSE:LICHSGFIN-EQ_2025-05-09 07:00:00+05:30_Sell
2025-05-09 13:05:22,434 - INFO - Processing signal: NSE:ASHOKLEY-EQ_2025-05-09 07:00:00+05:30_Sell
2025-05-09 13:05:22,448 - INFO - Processing signal: NSE:ASTRAL-EQ_2025-05-09 07:00:00+05:30_Sell
2025-05-09 13:05:22,462 - INFO - Processing signal: NSE:ATUL-EQ_2025-05-09 07:00:00+05:30_Sell
2025-05-09 13:05:22,501 - INFO - Processing signal: NSE:BASF-EQ_2025-05-09 07:00:00+05:30_Sell
2025-05-09 13:05:22,514 - INFO - Processing signal: NSE:BEL-EQ_2025-05-09 07:00:00+05:30_Buy
2025-05-09 13:05:22,514 - INFO - Opened trade for NSE:BEL-EQ at 315.8
2025-05-09 13:05:22,529 - INFO - Processing signal: NSE:BHEL-EQ_2025-05-09 07:00:00+05:30_Sell
2025-05-09 13:05:22,543 - INFO - Processing signal: NSE:BIRLACORPN-EQ_2025-05-09 07:00:00+05:30_Sell
2025-05-09 13:05:22,555 - INFO - Processing signal: NSE:BLUEDART-EQ_2025-05-09 07:00:00+05:30_Buy
2025-05-09 13:05:22,555 - INFO - Opened trade for NSE:BLUEDART-EQ at 6672.0
2025-05-09 13:05:22,569 - INFO - Processing signal: NSE:CESC-EQ_2025-05-09 07:00:00+05:30_Sell
2025-05-09 13:05:22,583 - INFO - Processing signal: NSE:CGPOWER-EQ_2025-05-09 07:00:00+05:30_Sell
2025-05-09 13:05:22,605 - INFO - Processing signal: NSE:CRISIL-EQ_2025-05-09 07:00:00+05:30_Buy
2025-05-09 13:05:22,605 - INFO - Opened trade for NSE:CRISIL-EQ at 4870.0
2025-05-09 13:05:22,618 - INFO - Processing signal: NSE:CROMPTON-EQ_2025-05-09 07:00:00+05:30_Sell
2025-05-09 13:05:22,630 - INFO - Processing signal: NSE:CYIENT-EQ_2025-05-09 07:00:00+05:30_Sell
2025-05-09 13:05:22,646 - INFO - Processing signal: NSE:DCBBANK-EQ_2025-05-09 07:00:00+05:30_Sell
2025-05-09 13:05:22,660 - INFO - Processing signal: NSE:DEN-EQ_2025-05-09 07:00:00+05:30_Sell
2025-05-09 13:05:22,686 - INFO - Processing signal: NSE:EXIDEIND-EQ_2025-05-09 07:00:00+05:30_Sell
2025-05-09 13:05:22,730 - INFO - Processing signal: NSE:GULFPETRO-EQ_2025-05-09 07:00:00+05:30_Sell
2025-05-09 13:05:22,743 - INFO - Processing signal: NSE:HATSUN-EQ_2025-05-09 07:00:00+05:30_Sell
2025-05-09 13:05:22,757 - INFO - Processing signal: NSE:HEIDELBERG-EQ_2025-05-09 07:00:00+05:30_Sell
2025-05-09 13:05:22,770 - INFO - Processing signal: NSE:HINDZINC-EQ_2025-05-09 07:00:00+05:30_Sell
2025-05-09 13:05:22,783 - INFO - Processing signal: NSE:HONAUT-EQ_2025-05-09 07:00:00+05:30_Sell
2025-05-09 13:05:22,795 - INFO - Processing signal: NSE:IDBI-EQ_2025-05-09 07:00:00+05:30_Sell
2025-05-09 13:05:22,817 - INFO - Processing signal: NSE:IIFL-EQ_2025-05-09 07:00:00+05:30_Buy
2025-05-09 13:05:22,817 - INFO - Opened trade for NSE:IIFL-EQ at 369.8
2025-05-09 13:05:22,831 - INFO - Processing signal: NSE:JBCHEPHARM-EQ_2025-05-09 07:00:00+05:30_Sell
2025-05-09 13:05:22,853 - INFO - Processing signal: NSE:JKPAPER-EQ_2025-05-09 07:00:00+05:30_Sell
2025-05-09 13:05:22,872 - INFO - Processing signal: NSE:KEC-EQ_2025-05-09 07:00:00+05:30_Sell
2025-05-09 13:05:22,889 - INFO - Processing signal: NSE:KPRMILL-EQ_2025-05-09 07:15:00+05:30_Buy
2025-05-09 13:05:22,889 - INFO - Opened trade for NSE:KPRMILL-EQ at 1248.25
2025-05-09 13:05:22,921 - INFO - Processing signal: NSE:LTIM-EQ_2025-05-09 07:15:00+05:30_Buy
2025-05-09 13:05:22,921 - INFO - Opened trade for NSE:LTIM-EQ at 4609.0
2025-05-09 13:05:22,953 - INFO - Processing signal: NSE:MGL-EQ_2025-05-09 07:15:00+05:30_Sell
2025-05-09 13:05:22,969 - INFO - Processing signal: NSE:MPHASIS-EQ_2025-05-09 07:15:00+05:30_Sell
2025-05-09 13:05:22,980 - INFO - Processing signal: NSE:MIDHANI-EQ_2025-05-09 07:15:00+05:30_Buy
2025-05-09 13:05:22,981 - INFO - Opened trade for NSE:MIDHANI-EQ at 315.65
2025-05-09 13:05:22,994 - INFO - Processing signal: NSE:NBCC-EQ_2025-05-09 07:15:00+05:30_Sell
2025-05-09 13:05:23,008 - INFO - Processing signal: NSE:OBEROIRLTY-EQ_2025-05-09 07:15:00+05:30_Sell
2025-05-09 13:05:23,021 - INFO - Processing signal: NSE:OIL-EQ_2025-05-09 07:15:00+05:30_Sell
2025-05-09 13:05:23,033 - INFO - Processing signal: NSE:PNBHOUSING-EQ_2025-05-09 07:15:00+05:30_Sell
2025-05-09 13:05:23,047 - INFO - Processing signal: NSE:RAIN-EQ_2025-05-09 07:15:00+05:30_Sell
2025-05-09 13:05:23,061 - INFO - Processing signal: NSE:RALLIS-EQ_2025-05-09 07:15:00+05:30_Sell
2025-05-09 13:05:23,092 - INFO - Processing signal: NSE:SANGHIIND-EQ_2025-05-09 07:15:00+05:30_Sell
2025-05-09 13:05:23,111 - INFO - Processing signal: NSE:SCHAEFFLER-EQ_2025-05-09 07:15:00+05:30_Buy
2025-05-09 13:05:23,112 - INFO - Opened trade for NSE:SCHAEFFLER-EQ at 3715.3
2025-05-09 13:05:23,125 - INFO - Processing signal: NSE:SEQUENT-EQ_2025-05-09 07:15:00+05:30_Buy
2025-05-09 13:05:23,125 - INFO - Opened trade for NSE:SEQUENT-EQ at 157.0
2025-05-09 13:05:23,156 - INFO - Processing signal: NSE:SOLARINDS-EQ_2025-05-09 07:15:00+05:30_Buy
2025-05-09 13:05:23,156 - INFO - Opened trade for NSE:SOLARINDS-EQ at 13462
2025-05-09 13:05:23,199 - INFO - Processing signal: NSE:TEAMLEASE-EQ_2025-05-09 07:15:00+05:30_Sell
2025-05-09 13:05:23,213 - INFO - Processing signal: NSE:TIMKEN-EQ_2025-05-09 07:15:00+05:30_Buy
2025-05-09 13:05:23,213 - INFO - Opened trade for NSE:TIMKEN-EQ at 2756.8
2025-05-09 13:05:23,226 - INFO - Processing signal: NSE:TRENT-EQ_2025-05-09 07:15:00+05:30_Sell
2025-05-09 13:05:23,248 - INFO - Processing signal: NSE:UCOBANK-EQ_2025-05-09 07:15:00+05:30_Sell
2025-05-09 13:05:23,263 - INFO - Processing signal: NSE:UFLEX-EQ_2025-05-09 07:15:00+05:30_Sell
2025-05-09 13:05:23,276 - INFO - Processing signal: NSE:VIPIND-EQ_2025-05-09 07:15:00+05:30_Buy
2025-05-09 13:05:23,276 - INFO - Opened trade for NSE:VIPIND-EQ at 325.45
2025-05-09 13:05:23,301 - INFO - Processing signal: NSE:WELCORP-EQ_2025-05-09 07:15:00+05:30_Sell
2025-05-09 13:05:23,740 - INFO - Processing signal: NSE:RELIANCE-EQ_2025-05-09 07:00:00+05:30_Sell
2025-05-09 13:05:23,753 - INFO - Processing signal: NSE:TCS-EQ_2025-05-09 07:00:00+05:30_Sell
2025-05-09 13:05:23,768 - INFO - Processing signal: NSE:HDFCBANK-EQ_2025-05-09 07:00:00+05:30_Sell
2025-05-09 13:05:23,791 - INFO - Processing signal: NSE:HINDUNILVR-EQ_2025-05-09 07:00:00+05:30_Sell
2025-05-09 13:05:23,806 - INFO - Processing signal: NSE:ICICIBANK-EQ_2025-05-09 07:00:00+05:30_Sell
2025-05-09 13:05:23,825 - INFO - Processing signal: NSE:AXISBANK-EQ_2025-05-09 07:00:00+05:30_Sell
2025-05-09 13:05:23,839 - INFO - Processing signal: NSE:SBIN-EQ_2025-05-09 07:00:00+05:30_Sell
2025-05-09 13:05:23,851 - INFO - Processing signal: NSE:BAJFINANCE-EQ_2025-05-09 07:00:00+05:30_Sell
2025-05-09 13:05:23,867 - INFO - Processing signal: NSE:LT-EQ_2025-05-09 07:00:00+05:30_Buy
2025-05-09 13:05:23,867 - INFO - Opened trade for NSE:LT-EQ at 3448.7
2025-05-09 13:05:23,889 - INFO - Processing signal: NSE:ASIANPAINT-EQ_2025-05-09 07:00:00+05:30_Sell
2025-05-09 13:05:23,912 - INFO - Processing signal: NSE:ITC-EQ_2025-05-09 07:00:00+05:30_Sell
2025-05-09 13:05:23,926 - INFO - Processing signal: NSE:MARUTI-EQ_2025-05-09 07:00:00+05:30_Sell
2025-05-09 13:05:23,940 - INFO - Processing signal: NSE:SUNPHARMA-EQ_2025-05-09 07:00:00+05:30_Sell
2025-05-09 13:05:23,954 - INFO - Processing signal: NSE:BAJAJFINSV-EQ_2025-05-09 07:00:00+05:30_Sell
2025-05-09 13:05:23,971 - INFO - Processing signal: NSE:ULTRACEMCO-EQ_2025-05-09 07:00:00+05:30_Sell
2025-05-09 13:05:23,984 - INFO - Processing signal: NSE:JSWSTEEL-EQ_2025-05-09 07:00:00+05:30_Sell
2025-05-09 13:05:23,997 - INFO - Processing signal: NSE:TITAN-EQ_2025-05-09 07:00:00+05:30_Buy
2025-05-09 13:05:23,997 - INFO - Opened trade for NSE:TITAN-EQ at 3496.5
2025-05-09 13:05:24,027 - INFO - Processing signal: NSE:ONGC-EQ_2025-05-09 07:00:00+05:30_Sell
2025-05-09 13:05:24,041 - INFO - Processing signal: NSE:POWERGRID-EQ_2025-05-09 07:00:00+05:30_Sell
2025-05-09 13:05:24,054 - INFO - Processing signal: NSE:NTPC-EQ_2025-05-09 07:00:00+05:30_Sell
2025-05-09 13:05:24,076 - INFO - Processing signal: NSE:IOC-EQ_2025-05-09 07:00:00+05:30_Sell
2025-05-09 13:05:24,099 - INFO - Processing signal: NSE:DIVISLAB-EQ_2025-05-09 07:00:00+05:30_Sell
2025-05-09 13:05:24,113 - INFO - Processing signal: NSE:SBILIFE-EQ_2025-05-09 07:00:00+05:30_Sell
2025-05-09 13:05:24,137 - INFO - Processing signal: NSE:GRASIM-EQ_2025-05-09 07:00:00+05:30_Sell
2025-05-09 13:05:24,159 - INFO - Processing signal: NSE:UPL-EQ_2025-05-09 07:00:00+05:30_Sell
2025-05-09 13:05:24,172 - INFO - Processing signal: NSE:TECHM-EQ_2025-05-09 07:00:00+05:30_Sell
2025-05-09 13:05:24,184 - INFO - Processing signal: NSE:WIPRO-EQ_2025-05-09 07:00:00+05:30_Sell
2025-05-09 13:05:24,198 - INFO - Processing signal: NSE:BPCL-EQ_2025-05-09 07:00:00+05:30_Sell
2025-05-09 13:05:24,211 - INFO - Processing signal: NSE:CIPLA-EQ_2025-05-09 07:00:00+05:30_Sell
2025-05-09 13:05:24,224 - INFO - Processing signal: NSE:EICHERMOT-EQ_2025-05-09 07:00:00+05:30_Sell
2025-05-09 13:05:24,238 - INFO - Processing signal: NSE:DRREDDY-EQ_2025-05-09 07:00:00+05:30_Sell
2025-05-09 13:05:24,256 - INFO - Processing signal: NSE:VEDL-EQ_2025-05-09 07:00:00+05:30_Sell
2025-05-09 13:05:24,271 - INFO - Processing signal: NSE:NESTLEIND-EQ_2025-05-09 07:00:00+05:30_Sell
2025-05-09 13:05:24,292 - INFO - Processing signal: NSE:INDUSINDBK-EQ_2025-05-09 07:00:00+05:30_Sell
2025-05-09 13:05:24,306 - INFO - Processing signal: NSE:BRITANNIA-EQ_2025-05-09 07:00:00+05:30_Buy
2025-05-09 13:05:24,307 - INFO - Opened trade for NSE:BRITANNIA-EQ at 5433.0
2025-05-09 13:05:24,320 - INFO - Processing signal: NSE:HEROMOTOCO-EQ_2025-05-09 07:00:00+05:30_Buy
2025-05-09 13:05:24,320 - INFO - Opened trade for NSE:HEROMOTOCO-EQ at 3856.5
2025-05-09 13:05:24,335 - INFO - Processing signal: NSE:COALINDIA-EQ_2025-05-09 07:00:00+05:30_Sell
2025-05-09 13:05:24,350 - INFO - Processing signal: NSE:BHARTIARTL-EQ_2025-05-09 07:00:00+05:30_Sell
2025-05-09 13:05:24,369 - INFO - Processing signal: NSE:SHREECEM-EQ_2025-05-09 07:00:00+05:30_Sell
2025-05-09 13:05:24,392 - INFO - Processing signal: NSE:HINDALCO-EQ_2025-05-09 07:00:00+05:30_Sell
2025-05-09 13:05:24,408 - INFO - Processing signal: NSE:APOLLOHOSP-EQ_2025-05-09 07:00:00+05:30_Sell
2025-05-09 13:05:24,425 - INFO - Processing signal: NSE:TATASTEEL-EQ_2025-05-09 07:00:00+05:30_Sell
2025-05-09 13:05:24,489 - INFO - Processing signal: NSE:SIEMENS-EQ_2025-05-09 07:00:00+05:30_Sell
2025-05-09 13:05:24,516 - INFO - Processing signal: NSE:AMBUJACEM-EQ_2025-05-09 07:00:00+05:30_Sell
2025-05-09 13:05:24,531 - INFO - Processing signal: NSE:ACC-EQ_2025-05-09 07:00:00+05:30_Sell
2025-05-09 13:05:24,548 - INFO - Processing signal: NSE:GAIL-EQ_2025-05-09 07:00:00+05:30_Sell
2025-05-09 13:05:24,613 - INFO - Processing signal: NSE:GODREJCP-EQ_2025-05-09 07:00:00+05:30_Sell
2025-05-09 13:05:24,629 - INFO - Processing signal: NSE:NAUKRI-EQ_2025-05-09 07:00:00+05:30_Sell
2025-05-09 13:05:24,656 - INFO - Processing signal: NSE:PAGEIND-EQ_2025-05-09 07:00:00+05:30_Sell
2025-05-09 13:05:24,682 - INFO - Processing signal: NSE:HAVELLS-EQ_2025-05-09 07:00:00+05:30_Sell
2025-05-09 13:05:24,765 - INFO - Processing signal: NSE:BERGEPAINT-EQ_2025-05-09 07:00:00+05:30_Sell
2025-05-09 13:05:24,779 - INFO - Processing signal: NSE:LUPIN-EQ_2025-05-09 07:00:00+05:30_Sell
2025-05-09 13:05:24,800 - INFO - Processing signal: NSE:COLPAL-EQ_2025-05-09 07:00:00+05:30_Sell
2025-05-09 13:05:24,818 - INFO - Processing signal: NSE:ALKEM-EQ_2025-05-09 07:00:00+05:30_Sell
2025-05-09 13:05:24,850 - INFO - Processing signal: NSE:BANDHANBNK-EQ_2025-05-09 07:00:00+05:30_Sell
2025-05-09 13:05:24,876 - INFO - Processing signal: NSE:BATAINDIA-EQ_2025-05-09 07:00:00+05:30_Sell
2025-05-09 13:05:24,900 - INFO - Processing signal: NSE:CASTROLIND-EQ_2025-05-09 07:00:00+05:30_Sell
2025-05-09 13:05:24,921 - INFO - Processing signal: NSE:CHOLAFIN-EQ_2025-05-09 07:00:00+05:30_Sell
2025-05-09 13:05:24,934 - INFO - Processing signal: NSE:CONCOR-EQ_2025-05-09 07:00:00+05:30_Sell
2025-05-09 13:05:24,947 - INFO - Processing signal: NSE:CUMMINSIND-EQ_2025-05-09 07:00:00+05:30_Sell
2025-05-09 13:05:24,961 - INFO - Processing signal: NSE:DABUR-EQ_2025-05-09 07:00:00+05:30_Sell
2025-05-09 13:05:24,974 - INFO - Processing signal: NSE:DEEPAKNTR-EQ_2025-05-09 07:00:00+05:30_Sell
2025-05-09 13:05:24,988 - INFO - Processing signal: NSE:ESCORTS-EQ_2025-05-09 07:00:00+05:30_Sell
2025-05-09 13:05:25,001 - INFO - Processing signal: NSE:FEDERALBNK-EQ_2025-05-09 07:00:00+05:30_Sell
2025-05-09 13:05:25,020 - INFO - Processing signal: NSE:GSPL-EQ_2025-05-09 07:00:00+05:30_Sell
2025-05-09 13:05:25,033 - INFO - Processing signal: NSE:HDFCLIFE-EQ_2025-05-09 07:00:00+05:30_Sell
2025-05-09 13:05:25,047 - INFO - Processing signal: NSE:ICICIGI-EQ_2025-05-09 07:00:00+05:30_Sell
2025-05-09 13:05:25,062 - INFO - Processing signal: NSE:ICICIPRULI-EQ_2025-05-09 07:00:00+05:30_Sell
2025-05-09 13:05:25,084 - INFO - Processing signal: NSE:IGL-EQ_2025-05-09 07:00:00+05:30_Sell
2025-05-09 13:05:25,108 - INFO - Processing signal: NSE:IPCALAB-EQ_2025-05-09 07:00:00+05:30_Sell
2025-05-09 13:05:25,123 - INFO - Processing signal: NSE:IRCTC-EQ_2025-05-09 07:00:00+05:30_Sell
2025-05-09 13:05:25,138 - INFO - Processing signal: NSE:JINDALSTEL-EQ_2025-05-09 07:00:00+05:30_Sell
2025-05-09 13:05:25,161 - INFO - Processing signal: NSE:JUSTDIAL-EQ_2025-05-09 07:00:00+05:30_Sell
2025-05-09 13:05:25,174 - INFO - Processing signal: NSE:KTKBANK-EQ_2025-05-09 07:00:00+05:30_Sell
2025-05-09 13:05:25,189 - INFO - Processing signal: NSE:LICHSGFIN-EQ_2025-05-09 07:00:00+05:30_Sell
2025-05-09 13:05:25,203 - INFO - Processing signal: NSE:ASHOKLEY-EQ_2025-05-09 07:00:00+05:30_Sell
2025-05-09 13:05:25,216 - INFO - Processing signal: NSE:ASTRAL-EQ_2025-05-09 07:00:00+05:30_Sell
2025-05-09 13:05:25,229 - INFO - Processing signal: NSE:ATUL-EQ_2025-05-09 07:00:00+05:30_Sell
2025-05-09 13:05:25,262 - INFO - Processing signal: NSE:BASF-EQ_2025-05-09 07:00:00+05:30_Sell
2025-05-09 13:05:25,279 - INFO - Processing signal: NSE:BEL-EQ_2025-05-09 07:00:00+05:30_Buy
2025-05-09 13:05:25,279 - INFO - Opened trade for NSE:BEL-EQ at 315.8
2025-05-09 13:05:25,293 - INFO - Processing signal: NSE:BHEL-EQ_2025-05-09 07:00:00+05:30_Sell
2025-05-09 13:05:25,332 - INFO - Processing signal: NSE:BIRLACORPN-EQ_2025-05-09 07:00:00+05:30_Sell
2025-05-09 13:05:25,356 - INFO - Processing signal: NSE:BLUEDART-EQ_2025-05-09 07:00:00+05:30_Buy
2025-05-09 13:05:25,357 - INFO - Opened trade for NSE:BLUEDART-EQ at 6672.0
2025-05-09 13:05:25,372 - INFO - Processing signal: NSE:CESC-EQ_2025-05-09 07:00:00+05:30_Sell
2025-05-09 13:05:25,389 - INFO - Processing signal: NSE:CGPOWER-EQ_2025-05-09 07:00:00+05:30_Sell
2025-05-09 13:05:25,414 - INFO - Processing signal: NSE:CRISIL-EQ_2025-05-09 07:00:00+05:30_Buy
2025-05-09 13:05:25,415 - INFO - Opened trade for NSE:CRISIL-EQ at 4870.0
2025-05-09 13:05:25,435 - INFO - Processing signal: NSE:CROMPTON-EQ_2025-05-09 07:00:00+05:30_Sell
2025-05-09 13:05:25,449 - INFO - Processing signal: NSE:CYIENT-EQ_2025-05-09 07:00:00+05:30_Sell
2025-05-09 13:05:25,463 - INFO - Processing signal: NSE:DCBBANK-EQ_2025-05-09 07:00:00+05:30_Sell
2025-05-09 13:05:25,480 - INFO - Processing signal: NSE:DEN-EQ_2025-05-09 07:00:00+05:30_Sell
2025-05-09 13:05:25,511 - INFO - Processing signal: NSE:EXIDEIND-EQ_2025-05-09 07:00:00+05:30_Sell
2025-05-09 13:05:25,598 - INFO - Processing signal: NSE:GULFPETRO-EQ_2025-05-09 07:00:00+05:30_Sell
2025-05-09 13:05:25,613 - INFO - Processing signal: NSE:HATSUN-EQ_2025-05-09 07:00:00+05:30_Sell
2025-05-09 13:05:25,643 - INFO - Processing signal: NSE:HEIDELBERG-EQ_2025-05-09 07:00:00+05:30_Sell
2025-05-09 13:05:25,748 - INFO - Processing signal: NSE:HINDZINC-EQ_2025-05-09 07:00:00+05:30_Sell
2025-05-09 13:05:25,772 - INFO - Processing signal: NSE:HONAUT-EQ_2025-05-09 07:00:00+05:30_Sell
2025-05-09 13:05:25,786 - INFO - Processing signal: NSE:IDBI-EQ_2025-05-09 07:00:00+05:30_Sell
2025-05-09 13:05:25,816 - INFO - Processing signal: NSE:IIFL-EQ_2025-05-09 07:00:00+05:30_Buy
2025-05-09 13:05:25,816 - INFO - Opened trade for NSE:IIFL-EQ at 369.8
2025-05-09 13:05:25,831 - INFO - Processing signal: NSE:JBCHEPHARM-EQ_2025-05-09 07:00:00+05:30_Sell
2025-05-09 13:05:25,856 - INFO - Processing signal: NSE:JKPAPER-EQ_2025-05-09 07:00:00+05:30_Sell
2025-05-09 13:05:25,883 - INFO - Processing signal: NSE:KEC-EQ_2025-05-09 07:00:00+05:30_Sell
2025-05-09 13:05:25,903 - INFO - Processing signal: NSE:KPRMILL-EQ_2025-05-09 07:15:00+05:30_Buy
2025-05-09 13:05:25,903 - INFO - Opened trade for NSE:KPRMILL-EQ at 1248.25
2025-05-09 13:05:25,956 - INFO - Processing signal: NSE:LTIM-EQ_2025-05-09 07:15:00+05:30_Buy
2025-05-09 13:05:25,957 - INFO - Opened trade for NSE:LTIM-EQ at 4609.0
2025-05-09 13:05:26,004 - INFO - Processing signal: NSE:MGL-EQ_2025-05-09 07:15:00+05:30_Sell
2025-05-09 13:05:26,019 - INFO - Processing signal: NSE:MPHASIS-EQ_2025-05-09 07:15:00+05:30_Sell
2025-05-09 13:05:26,034 - INFO - Processing signal: NSE:MIDHANI-EQ_2025-05-09 07:15:00+05:30_Buy
2025-05-09 13:05:26,034 - INFO - Opened trade for NSE:MIDHANI-EQ at 315.65
2025-05-09 13:05:26,048 - INFO - Processing signal: NSE:NBCC-EQ_2025-05-09 07:15:00+05:30_Sell
2025-05-09 13:05:26,063 - INFO - Processing signal: NSE:OBEROIRLTY-EQ_2025-05-09 07:15:00+05:30_Sell
2025-05-09 13:05:26,079 - INFO - Processing signal: NSE:OIL-EQ_2025-05-09 07:15:00+05:30_Sell
2025-05-09 13:05:26,097 - INFO - Processing signal: NSE:PNBHOUSING-EQ_2025-05-09 07:15:00+05:30_Sell
2025-05-09 13:05:26,112 - INFO - Processing signal: NSE:RAIN-EQ_2025-05-09 07:15:00+05:30_Sell
2025-05-09 13:05:26,129 - INFO - Processing signal: NSE:RALLIS-EQ_2025-05-09 07:15:00+05:30_Sell
2025-05-09 13:05:26,166 - INFO - Processing signal: NSE:SANGHIIND-EQ_2025-05-09 07:15:00+05:30_Sell
2025-05-09 13:05:26,183 - INFO - Processing signal: NSE:SCHAEFFLER-EQ_2025-05-09 07:15:00+05:30_Buy
2025-05-09 13:05:26,183 - INFO - Opened trade for NSE:SCHAEFFLER-EQ at 3715.3
2025-05-09 13:05:26,200 - INFO - Processing signal: NSE:SEQUENT-EQ_2025-05-09 07:15:00+05:30_Buy
2025-05-09 13:05:26,200 - INFO - Opened trade for NSE:SEQUENT-EQ at 157.0
2025-05-09 13:05:26,236 - INFO - Processing signal: NSE:SOLARINDS-EQ_2025-05-09 07:15:00+05:30_Buy
2025-05-09 13:05:26,236 - INFO - Opened trade for NSE:SOLARINDS-EQ at 13462
2025-05-09 13:05:26,273 - INFO - Processing signal: NSE:TEAMLEASE-EQ_2025-05-09 07:15:00+05:30_Sell
2025-05-09 13:05:26,291 - INFO - Processing signal: NSE:TIMKEN-EQ_2025-05-09 07:15:00+05:30_Buy
2025-05-09 13:05:26,291 - INFO - Opened trade for NSE:TIMKEN-EQ at 2756.8
2025-05-09 13:05:26,305 - INFO - Processing signal: NSE:TRENT-EQ_2025-05-09 07:15:00+05:30_Sell
2025-05-09 13:05:26,324 - INFO - Processing signal: NSE:UCOBANK-EQ_2025-05-09 07:15:00+05:30_Sell
2025-05-09 13:05:26,337 - INFO - Processing signal: NSE:UFLEX-EQ_2025-05-09 07:15:00+05:30_Sell
2025-05-09 13:05:26,349 - INFO - Processing signal: NSE:VIPIND-EQ_2025-05-09 07:15:00+05:30_Buy
2025-05-09 13:05:26,349 - INFO - Opened trade for NSE:VIPIND-EQ at 325.45
2025-05-09 13:05:26,366 - INFO - Processing signal: NSE:WELCORP-EQ_2025-05-09 07:15:00+05:30_Sell
2025-05-09 13:06:08,431 - INFO - Processing signal: NSE:RELIANCE-EQ_2025-05-09 07:00:00+05:30_Sell
2025-05-09 13:06:08,454 - INFO - Processing signal: NSE:TCS-EQ_2025-05-09 07:00:00+05:30_Sell
2025-05-09 13:06:08,479 - INFO - Processing signal: NSE:HDFCBANK-EQ_2025-05-09 07:00:00+05:30_Sell
2025-05-09 13:06:08,515 - INFO - Processing signal: NSE:HINDUNILVR-EQ_2025-05-09 07:00:00+05:30_Sell
2025-05-09 13:06:08,534 - INFO - Processing signal: NSE:ICICIBANK-EQ_2025-05-09 07:00:00+05:30_Sell
2025-05-09 13:06:08,572 - INFO - Processing signal: NSE:AXISBANK-EQ_2025-05-09 07:00:00+05:30_Sell
2025-05-09 13:06:08,592 - INFO - Processing signal: NSE:SBIN-EQ_2025-05-09 07:00:00+05:30_Sell
2025-05-09 13:06:08,628 - INFO - Processing signal: NSE:BAJFINANCE-EQ_2025-05-09 07:00:00+05:30_Sell
2025-05-09 13:06:08,653 - INFO - Processing signal: NSE:LT-EQ_2025-05-09 07:00:00+05:30_Buy
2025-05-09 13:06:08,653 - INFO - Opened trade for NSE:LT-EQ at 3448.7
2025-05-09 13:06:08,676 - INFO - Processing signal: NSE:ASIANPAINT-EQ_2025-05-09 07:00:00+05:30_Sell
2025-05-09 13:06:08,710 - INFO - Processing signal: NSE:ITC-EQ_2025-05-09 07:00:00+05:30_Sell
2025-05-09 13:06:08,732 - INFO - Processing signal: NSE:MARUTI-EQ_2025-05-09 07:00:00+05:30_Sell
2025-05-09 13:06:08,753 - INFO - Processing signal: NSE:SUNPHARMA-EQ_2025-05-09 07:00:00+05:30_Sell
2025-05-09 13:06:08,771 - INFO - Processing signal: NSE:BAJAJFINSV-EQ_2025-05-09 07:00:00+05:30_Sell
2025-05-09 13:06:08,790 - INFO - Processing signal: NSE:ULTRACEMCO-EQ_2025-05-09 07:00:00+05:30_Sell
2025-05-09 13:06:08,814 - INFO - Processing signal: NSE:JSWSTEEL-EQ_2025-05-09 07:00:00+05:30_Sell
2025-05-09 13:06:08,851 - INFO - Processing signal: NSE:TITAN-EQ_2025-05-09 07:00:00+05:30_Buy
2025-05-09 13:06:08,851 - INFO - Opened trade for NSE:TITAN-EQ at 3496.5
2025-05-09 13:06:08,912 - INFO - Processing signal: NSE:ONGC-EQ_2025-05-09 07:00:00+05:30_Sell
2025-05-09 13:06:08,956 - INFO - Processing signal: NSE:POWERGRID-EQ_2025-05-09 07:00:00+05:30_Sell
2025-05-09 13:06:09,011 - INFO - Processing signal: NSE:NTPC-EQ_2025-05-09 07:00:00+05:30_Sell
2025-05-09 13:06:09,045 - INFO - Processing signal: NSE:IOC-EQ_2025-05-09 07:00:00+05:30_Sell
2025-05-09 13:06:09,093 - INFO - Processing signal: NSE:DIVISLAB-EQ_2025-05-09 07:00:00+05:30_Sell
2025-05-09 13:06:09,139 - INFO - Processing signal: NSE:SBILIFE-EQ_2025-05-09 07:00:00+05:30_Sell
2025-05-09 13:06:09,168 - INFO - Processing signal: NSE:GRASIM-EQ_2025-05-09 07:00:00+05:30_Sell
2025-05-09 13:06:09,207 - INFO - Processing signal: NSE:UPL-EQ_2025-05-09 07:00:00+05:30_Sell
2025-05-09 13:06:09,245 - INFO - Processing signal: NSE:TECHM-EQ_2025-05-09 07:00:00+05:30_Sell
2025-05-09 13:06:09,288 - INFO - Processing signal: NSE:WIPRO-EQ_2025-05-09 07:00:00+05:30_Sell
2025-05-09 13:06:09,322 - INFO - Processing signal: NSE:BPCL-EQ_2025-05-09 07:00:00+05:30_Sell
2025-05-09 13:06:09,350 - INFO - Processing signal: NSE:CIPLA-EQ_2025-05-09 07:00:00+05:30_Sell
2025-05-09 13:06:09,378 - INFO - Processing signal: NSE:EICHERMOT-EQ_2025-05-09 07:00:00+05:30_Sell
2025-05-09 13:06:09,402 - INFO - Processing signal: NSE:DRREDDY-EQ_2025-05-09 07:00:00+05:30_Sell
2025-05-09 13:06:09,443 - INFO - Processing signal: NSE:VEDL-EQ_2025-05-09 07:00:00+05:30_Sell
2025-05-09 13:06:09,477 - INFO - Processing signal: NSE:NESTLEIND-EQ_2025-05-09 07:00:00+05:30_Sell
2025-05-09 13:06:09,545 - INFO - Processing signal: NSE:INDUSINDBK-EQ_2025-05-09 07:00:00+05:30_Sell
2025-05-09 13:06:09,598 - INFO - Processing signal: NSE:BRITANNIA-EQ_2025-05-09 07:00:00+05:30_Buy
2025-05-09 13:06:09,599 - INFO - Opened trade for NSE:BRITANNIA-EQ at 5433.0
2025-05-09 13:06:09,653 - INFO - Processing signal: NSE:HEROMOTOCO-EQ_2025-05-09 07:00:00+05:30_Buy
2025-05-09 13:06:09,655 - INFO - Opened trade for NSE:HEROMOTOCO-EQ at 3856.5
2025-05-09 13:06:09,706 - INFO - Processing signal: NSE:COALINDIA-EQ_2025-05-09 07:00:00+05:30_Sell
2025-05-09 13:06:09,761 - INFO - Processing signal: NSE:BHARTIARTL-EQ_2025-05-09 07:00:00+05:30_Sell
2025-05-09 13:06:09,819 - INFO - Processing signal: NSE:SHREECEM-EQ_2025-05-09 07:00:00+05:30_Sell
2025-05-09 13:06:09,869 - INFO - Processing signal: NSE:HINDALCO-EQ_2025-05-09 07:00:00+05:30_Sell
2025-05-09 13:06:09,921 - INFO - Processing signal: NSE:APOLLOHOSP-EQ_2025-05-09 07:00:00+05:30_Sell
2025-05-09 13:06:09,965 - INFO - Processing signal: NSE:TATASTEEL-EQ_2025-05-09 07:00:00+05:30_Sell
2025-05-09 13:06:10,041 - INFO - Processing signal: NSE:SIEMENS-EQ_2025-05-09 07:00:00+05:30_Sell
2025-05-09 13:06:10,135 - INFO - Processing signal: NSE:AMBUJACEM-EQ_2025-05-09 07:00:00+05:30_Sell
2025-05-09 13:06:10,175 - INFO - Processing signal: NSE:ACC-EQ_2025-05-09 07:00:00+05:30_Sell
2025-05-09 13:06:10,221 - INFO - Processing signal: NSE:GAIL-EQ_2025-05-09 07:00:00+05:30_Sell
2025-05-09 13:06:10,303 - INFO - Processing signal: NSE:GODREJCP-EQ_2025-05-09 07:00:00+05:30_Sell
2025-05-09 13:06:10,338 - INFO - Processing signal: NSE:NAUKRI-EQ_2025-05-09 07:00:00+05:30_Sell
2025-05-09 13:06:10,404 - INFO - Processing signal: NSE:PAGEIND-EQ_2025-05-09 07:00:00+05:30_Sell
2025-05-09 13:06:10,450 - INFO - Processing signal: NSE:HAVELLS-EQ_2025-05-09 07:00:00+05:30_Sell
2025-05-09 13:06:10,506 - INFO - Processing signal: NSE:BERGEPAINT-EQ_2025-05-09 07:00:00+05:30_Sell
2025-05-09 13:06:10,544 - INFO - Processing signal: NSE:LUPIN-EQ_2025-05-09 07:00:00+05:30_Sell
2025-05-09 13:06:10,578 - INFO - Processing signal: NSE:COLPAL-EQ_2025-05-09 07:00:00+05:30_Sell
2025-05-09 13:06:10,616 - INFO - Processing signal: NSE:ALKEM-EQ_2025-05-09 07:00:00+05:30_Sell
2025-05-09 13:06:10,722 - INFO - Processing signal: NSE:BANDHANBNK-EQ_2025-05-09 07:00:00+05:30_Sell
2025-05-09 13:06:10,848 - INFO - Processing signal: NSE:BATAINDIA-EQ_2025-05-09 07:00:00+05:30_Sell
2025-05-09 13:06:10,905 - INFO - Processing signal: NSE:CASTROLIND-EQ_2025-05-09 07:00:00+05:30_Sell
2025-05-09 13:06:10,935 - INFO - Processing signal: NSE:CHOLAFIN-EQ_2025-05-09 07:00:00+05:30_Sell
2025-05-09 13:06:10,967 - INFO - Processing signal: NSE:CONCOR-EQ_2025-05-09 07:00:00+05:30_Sell
2025-05-09 13:06:10,993 - INFO - Processing signal: NSE:CUMMINSIND-EQ_2025-05-09 07:00:00+05:30_Sell
2025-05-09 13:06:11,025 - INFO - Processing signal: NSE:DABUR-EQ_2025-05-09 07:00:00+05:30_Sell
2025-05-09 13:06:11,052 - INFO - Processing signal: NSE:DEEPAKNTR-EQ_2025-05-09 07:00:00+05:30_Sell
2025-05-09 13:06:11,084 - INFO - Processing signal: NSE:ESCORTS-EQ_2025-05-09 07:00:00+05:30_Sell
2025-05-09 13:06:11,147 - INFO - Processing signal: NSE:FEDERALBNK-EQ_2025-05-09 07:00:00+05:30_Sell
2025-05-09 13:06:11,199 - INFO - Processing signal: NSE:GSPL-EQ_2025-05-09 07:00:00+05:30_Sell
2025-05-09 13:06:11,232 - INFO - Processing signal: NSE:HDFCLIFE-EQ_2025-05-09 07:00:00+05:30_Sell
2025-05-09 13:06:11,262 - INFO - Processing signal: NSE:ICICIGI-EQ_2025-05-09 07:00:00+05:30_Sell
2025-05-09 13:06:11,295 - INFO - Processing signal: NSE:ICICIPRULI-EQ_2025-05-09 07:00:00+05:30_Sell
2025-05-09 13:06:11,346 - INFO - Processing signal: NSE:IGL-EQ_2025-05-09 07:00:00+05:30_Sell
2025-05-09 13:06:11,429 - INFO - Processing signal: NSE:IPCALAB-EQ_2025-05-09 07:00:00+05:30_Sell
2025-05-09 13:06:11,464 - INFO - Processing signal: NSE:IRCTC-EQ_2025-05-09 07:00:00+05:30_Sell
2025-05-09 13:06:11,507 - INFO - Processing signal: NSE:JINDALSTEL-EQ_2025-05-09 07:00:00+05:30_Sell
2025-05-09 13:06:11,564 - INFO - Processing signal: NSE:JUSTDIAL-EQ_2025-05-09 07:00:00+05:30_Sell
2025-05-09 13:06:11,602 - INFO - Processing signal: NSE:KTKBANK-EQ_2025-05-09 07:00:00+05:30_Sell
2025-05-09 13:06:11,635 - INFO - Processing signal: NSE:LICHSGFIN-EQ_2025-05-09 07:00:00+05:30_Sell
2025-05-09 13:06:11,672 - INFO - Processing signal: NSE:ASHOKLEY-EQ_2025-05-09 07:00:00+05:30_Sell
2025-05-09 13:06:11,827 - INFO - Processing signal: NSE:ASTRAL-EQ_2025-05-09 07:00:00+05:30_Sell
2025-05-09 13:06:11,855 - INFO - Processing signal: NSE:ATUL-EQ_2025-05-09 07:00:00+05:30_Sell
2025-05-09 13:06:11,900 - INFO - Processing signal: NSE:BASF-EQ_2025-05-09 07:00:00+05:30_Sell
2025-05-09 13:06:11,916 - INFO - Processing signal: NSE:BEL-EQ_2025-05-09 07:00:00+05:30_Buy
2025-05-09 13:06:11,916 - INFO - Opened trade for NSE:BEL-EQ at 315.8
2025-05-09 13:06:11,933 - INFO - Processing signal: NSE:BHEL-EQ_2025-05-09 07:00:00+05:30_Sell
2025-05-09 13:06:11,951 - INFO - Processing signal: NSE:BIRLACORPN-EQ_2025-05-09 07:00:00+05:30_Sell
2025-05-09 13:06:11,969 - INFO - Processing signal: NSE:BLUEDART-EQ_2025-05-09 07:00:00+05:30_Buy
2025-05-09 13:06:11,969 - INFO - Opened trade for NSE:BLUEDART-EQ at 6672.0
2025-05-09 13:06:11,989 - INFO - Processing signal: NSE:CESC-EQ_2025-05-09 07:00:00+05:30_Sell
2025-05-09 13:06:12,006 - INFO - Processing signal: NSE:CGPOWER-EQ_2025-05-09 07:00:00+05:30_Sell
2025-05-09 13:06:12,036 - INFO - Processing signal: NSE:CRISIL-EQ_2025-05-09 07:00:00+05:30_Buy
2025-05-09 13:06:12,036 - INFO - Opened trade for NSE:CRISIL-EQ at 4870.0
2025-05-09 13:06:12,052 - INFO - Processing signal: NSE:CROMPTON-EQ_2025-05-09 07:00:00+05:30_Sell
2025-05-09 13:06:12,074 - INFO - Processing signal: NSE:CYIENT-EQ_2025-05-09 07:00:00+05:30_Sell
2025-05-09 13:06:12,092 - INFO - Processing signal: NSE:DCBBANK-EQ_2025-05-09 07:00:00+05:30_Sell
2025-05-09 13:06:12,111 - INFO - Processing signal: NSE:DEN-EQ_2025-05-09 07:00:00+05:30_Sell
2025-05-09 13:06:12,141 - INFO - Processing signal: NSE:EXIDEIND-EQ_2025-05-09 07:00:00+05:30_Sell
2025-05-09 13:06:12,199 - INFO - Processing signal: NSE:GULFPETRO-EQ_2025-05-09 07:00:00+05:30_Sell
2025-05-09 13:06:12,217 - INFO - Processing signal: NSE:HATSUN-EQ_2025-05-09 07:00:00+05:30_Sell
2025-05-09 13:06:12,235 - INFO - Processing signal: NSE:HEIDELBERG-EQ_2025-05-09 07:00:00+05:30_Sell
2025-05-09 13:06:12,254 - INFO - Processing signal: NSE:HINDZINC-EQ_2025-05-09 07:00:00+05:30_Sell
2025-05-09 13:06:12,276 - INFO - Processing signal: NSE:HONAUT-EQ_2025-05-09 07:00:00+05:30_Sell
2025-05-09 13:06:12,295 - INFO - Processing signal: NSE:IDBI-EQ_2025-05-09 07:00:00+05:30_Sell
2025-05-09 13:06:12,322 - INFO - Processing signal: NSE:IIFL-EQ_2025-05-09 07:00:00+05:30_Buy
2025-05-09 13:06:12,322 - INFO - Opened trade for NSE:IIFL-EQ at 369.8
2025-05-09 13:06:12,345 - INFO - Processing signal: NSE:JBCHEPHARM-EQ_2025-05-09 07:00:00+05:30_Sell
2025-05-09 13:06:12,373 - INFO - Processing signal: NSE:JKPAPER-EQ_2025-05-09 07:00:00+05:30_Sell
2025-05-09 13:06:12,403 - INFO - Processing signal: NSE:KEC-EQ_2025-05-09 07:00:00+05:30_Sell
2025-05-09 13:06:12,422 - INFO - Processing signal: NSE:KPRMILL-EQ_2025-05-09 07:15:00+05:30_Buy
2025-05-09 13:06:12,422 - INFO - Opened trade for NSE:KPRMILL-EQ at 1248.25
2025-05-09 13:06:12,456 - INFO - Processing signal: NSE:LTIM-EQ_2025-05-09 07:15:00+05:30_Buy
2025-05-09 13:06:12,457 - INFO - Opened trade for NSE:LTIM-EQ at 4609.0
2025-05-09 13:06:12,490 - INFO - Processing signal: NSE:MGL-EQ_2025-05-09 07:15:00+05:30_Sell
2025-05-09 13:06:12,510 - INFO - Processing signal: NSE:MPHASIS-EQ_2025-05-09 07:15:00+05:30_Sell
2025-05-09 13:06:12,523 - INFO - Processing signal: NSE:MIDHANI-EQ_2025-05-09 07:15:00+05:30_Buy
2025-05-09 13:06:12,524 - INFO - Opened trade for NSE:MIDHANI-EQ at 315.65
2025-05-09 13:06:12,543 - INFO - Processing signal: NSE:NBCC-EQ_2025-05-09 07:15:00+05:30_Sell
2025-05-09 13:06:12,562 - INFO - Processing signal: NSE:OBEROIRLTY-EQ_2025-05-09 07:15:00+05:30_Sell
2025-05-09 13:06:12,580 - INFO - Processing signal: NSE:OIL-EQ_2025-05-09 07:15:00+05:30_Sell
2025-05-09 13:06:12,594 - INFO - Processing signal: NSE:PNBHOUSING-EQ_2025-05-09 07:15:00+05:30_Sell
2025-05-09 13:06:12,608 - INFO - Processing signal: NSE:RAIN-EQ_2025-05-09 07:15:00+05:30_Sell
2025-05-09 13:06:12,620 - INFO - Processing signal: NSE:RALLIS-EQ_2025-05-09 07:15:00+05:30_Sell
2025-05-09 13:06:12,655 - INFO - Processing signal: NSE:SANGHIIND-EQ_2025-05-09 07:15:00+05:30_Sell
2025-05-09 13:06:12,674 - INFO - Processing signal: NSE:SCHAEFFLER-EQ_2025-05-09 07:15:00+05:30_Buy
2025-05-09 13:06:12,674 - INFO - Opened trade for NSE:SCHAEFFLER-EQ at 3715.3
2025-05-09 13:06:12,691 - INFO - Processing signal: NSE:SEQUENT-EQ_2025-05-09 07:15:00+05:30_Buy
2025-05-09 13:06:12,692 - INFO - Opened trade for NSE:SEQUENT-EQ at 157.0
2025-05-09 13:06:12,732 - INFO - Processing signal: NSE:SOLARINDS-EQ_2025-05-09 07:15:00+05:30_Buy
2025-05-09 13:06:12,732 - INFO - Opened trade for NSE:SOLARINDS-EQ at 13462
2025-05-09 13:06:12,787 - INFO - Processing signal: NSE:TEAMLEASE-EQ_2025-05-09 07:15:00+05:30_Sell
2025-05-09 13:06:12,803 - INFO - Processing signal: NSE:TIMKEN-EQ_2025-05-09 07:15:00+05:30_Buy
2025-05-09 13:06:12,803 - INFO - Opened trade for NSE:TIMKEN-EQ at 2756.8
2025-05-09 13:06:12,822 - INFO - Processing signal: NSE:TRENT-EQ_2025-05-09 07:15:00+05:30_Sell
2025-05-09 13:06:12,852 - INFO - Processing signal: NSE:UCOBANK-EQ_2025-05-09 07:15:00+05:30_Sell
2025-05-09 13:06:12,872 - INFO - Processing signal: NSE:UFLEX-EQ_2025-05-09 07:15:00+05:30_Sell
2025-05-09 13:06:12,886 - INFO - Processing signal: NSE:VIPIND-EQ_2025-05-09 07:15:00+05:30_Buy
2025-05-09 13:06:12,886 - INFO - Opened trade for NSE:VIPIND-EQ at 325.45
2025-05-09 13:06:12,913 - INFO - Processing signal: NSE:WELCORP-EQ_2025-05-09 07:15:00+05:30_Sell
2025-05-09 13:09:43,310 - INFO - Processing signal: NSE:RELIANCE-EQ_2025-05-09 07:00:00+05:30_Sell
2025-05-09 13:09:43,328 - INFO - Processing signal: NSE:TCS-EQ_2025-05-09 07:00:00+05:30_Sell
2025-05-09 13:09:43,350 - INFO - Processing signal: NSE:HDFCBANK-EQ_2025-05-09 07:00:00+05:30_Sell
2025-05-09 13:09:43,388 - INFO - Processing signal: NSE:HINDUNILVR-EQ_2025-05-09 07:00:00+05:30_Sell
2025-05-09 13:09:43,410 - INFO - Processing signal: NSE:ICICIBANK-EQ_2025-05-09 07:00:00+05:30_Sell
2025-05-09 13:09:43,449 - INFO - Processing signal: NSE:AXISBANK-EQ_2025-05-09 07:00:00+05:30_Sell
2025-05-09 13:09:43,478 - INFO - Processing signal: NSE:SBIN-EQ_2025-05-09 07:00:00+05:30_Sell
2025-05-09 13:09:43,509 - INFO - Processing signal: NSE:BAJFINANCE-EQ_2025-05-09 07:00:00+05:30_Sell
2025-05-09 13:09:43,528 - INFO - Processing signal: NSE:LT-EQ_2025-05-09 07:00:00+05:30_Buy
2025-05-09 13:09:43,528 - INFO - Opened trade for NSE:LT-EQ at 3448.7
2025-05-09 13:09:43,551 - INFO - Processing signal: NSE:ASIANPAINT-EQ_2025-05-09 07:00:00+05:30_Sell
2025-05-09 13:09:43,582 - INFO - Processing signal: NSE:ITC-EQ_2025-05-09 07:00:00+05:30_Sell
2025-05-09 13:09:43,604 - INFO - Processing signal: NSE:MARUTI-EQ_2025-05-09 07:00:00+05:30_Sell
2025-05-09 13:09:43,629 - INFO - Processing signal: NSE:SUNPHARMA-EQ_2025-05-09 07:00:00+05:30_Sell
2025-05-09 13:09:43,647 - INFO - Processing signal: NSE:BAJAJFINSV-EQ_2025-05-09 07:00:00+05:30_Sell
2025-05-09 13:09:43,667 - INFO - Processing signal: NSE:ULTRACEMCO-EQ_2025-05-09 07:00:00+05:30_Sell
2025-05-09 13:09:43,682 - INFO - Processing signal: NSE:JSWSTEEL-EQ_2025-05-09 07:00:00+05:30_Sell
2025-05-09 13:09:43,696 - INFO - Processing signal: NSE:TITAN-EQ_2025-05-09 07:00:00+05:30_Buy
2025-05-09 13:09:43,696 - INFO - Opened trade for NSE:TITAN-EQ at 3496.5
2025-05-09 13:09:43,727 - INFO - Processing signal: NSE:ONGC-EQ_2025-05-09 07:00:00+05:30_Sell
2025-05-09 13:09:43,754 - INFO - Processing signal: NSE:POWERGRID-EQ_2025-05-09 07:00:00+05:30_Sell
2025-05-09 13:09:43,780 - INFO - Processing signal: NSE:NTPC-EQ_2025-05-09 07:00:00+05:30_Sell
2025-05-09 13:09:43,817 - INFO - Processing signal: NSE:IOC-EQ_2025-05-09 07:00:00+05:30_Sell
2025-05-09 13:09:43,840 - INFO - Processing signal: NSE:DIVISLAB-EQ_2025-05-09 07:00:00+05:30_Sell
2025-05-09 13:09:43,869 - INFO - Processing signal: NSE:SBILIFE-EQ_2025-05-09 07:00:00+05:30_Sell
2025-05-09 13:09:43,890 - INFO - Processing signal: NSE:GRASIM-EQ_2025-05-09 07:00:00+05:30_Sell
2025-05-09 13:09:43,910 - INFO - Processing signal: NSE:UPL-EQ_2025-05-09 07:00:00+05:30_Sell
2025-05-09 13:09:43,933 - INFO - Processing signal: NSE:TECHM-EQ_2025-05-09 07:00:00+05:30_Sell
2025-05-09 13:09:43,956 - INFO - Processing signal: NSE:WIPRO-EQ_2025-05-09 07:00:00+05:30_Sell
2025-05-09 13:09:43,979 - INFO - Processing signal: NSE:BPCL-EQ_2025-05-09 07:00:00+05:30_Sell
2025-05-09 13:09:44,013 - INFO - Processing signal: NSE:CIPLA-EQ_2025-05-09 07:00:00+05:30_Sell
2025-05-09 13:09:44,037 - INFO - Processing signal: NSE:EICHERMOT-EQ_2025-05-09 07:00:00+05:30_Sell
2025-05-09 13:09:44,056 - INFO - Processing signal: NSE:DRREDDY-EQ_2025-05-09 07:00:00+05:30_Sell
2025-05-09 13:09:44,088 - INFO - Processing signal: NSE:VEDL-EQ_2025-05-09 07:00:00+05:30_Sell
2025-05-09 13:09:44,116 - INFO - Processing signal: NSE:NESTLEIND-EQ_2025-05-09 07:00:00+05:30_Sell
2025-05-09 13:09:44,151 - INFO - Processing signal: NSE:INDUSINDBK-EQ_2025-05-09 07:00:00+05:30_Sell
2025-05-09 13:09:44,169 - INFO - Processing signal: NSE:BRITANNIA-EQ_2025-05-09 07:00:00+05:30_Buy
2025-05-09 13:09:44,169 - INFO - Opened trade for NSE:BRITANNIA-EQ at 5433.0
2025-05-09 13:09:44,190 - INFO - Processing signal: NSE:HEROMOTOCO-EQ_2025-05-09 07:00:00+05:30_Buy
2025-05-09 13:09:44,190 - INFO - Opened trade for NSE:HEROMOTOCO-EQ at 3856.5
2025-05-09 13:09:44,205 - INFO - Processing signal: NSE:COALINDIA-EQ_2025-05-09 07:00:00+05:30_Sell
2025-05-09 13:09:44,221 - INFO - Processing signal: NSE:BHARTIARTL-EQ_2025-05-09 07:00:00+05:30_Sell
2025-05-09 13:09:44,239 - INFO - Processing signal: NSE:SHREECEM-EQ_2025-05-09 07:00:00+05:30_Sell
2025-05-09 13:09:44,257 - INFO - Processing signal: NSE:HINDALCO-EQ_2025-05-09 07:00:00+05:30_Sell
2025-05-09 13:09:44,271 - INFO - Processing signal: NSE:APOLLOHOSP-EQ_2025-05-09 07:00:00+05:30_Sell
2025-05-09 13:09:44,286 - INFO - Processing signal: NSE:TATASTEEL-EQ_2025-05-09 07:00:00+05:30_Sell
2025-05-09 13:09:44,306 - INFO - Processing signal: NSE:SIEMENS-EQ_2025-05-09 07:00:00+05:30_Sell
2025-05-09 13:09:44,327 - INFO - Processing signal: NSE:AMBUJACEM-EQ_2025-05-09 07:00:00+05:30_Sell
2025-05-09 13:09:44,342 - INFO - Processing signal: NSE:ACC-EQ_2025-05-09 07:00:00+05:30_Sell
2025-05-09 13:09:44,356 - INFO - Processing signal: NSE:GAIL-EQ_2025-05-09 07:00:00+05:30_Sell
2025-05-09 13:09:44,379 - INFO - Processing signal: NSE:GODREJCP-EQ_2025-05-09 07:00:00+05:30_Sell
2025-05-09 13:09:44,394 - INFO - Processing signal: NSE:NAUKRI-EQ_2025-05-09 07:00:00+05:30_Sell
2025-05-09 13:09:44,422 - INFO - Processing signal: NSE:PAGEIND-EQ_2025-05-09 07:00:00+05:30_Sell
2025-05-09 13:09:44,439 - INFO - Processing signal: NSE:HAVELLS-EQ_2025-05-09 07:00:00+05:30_Sell
2025-05-09 13:09:44,456 - INFO - Processing signal: NSE:BERGEPAINT-EQ_2025-05-09 07:00:00+05:30_Sell
2025-05-09 13:09:44,476 - INFO - Processing signal: NSE:LUPIN-EQ_2025-05-09 07:00:00+05:30_Sell
2025-05-09 13:09:44,490 - INFO - Processing signal: NSE:COLPAL-EQ_2025-05-09 07:00:00+05:30_Sell
2025-05-09 13:09:44,511 - INFO - Processing signal: NSE:ALKEM-EQ_2025-05-09 07:00:00+05:30_Sell
2025-05-09 13:09:44,557 - INFO - Processing signal: NSE:BANDHANBNK-EQ_2025-05-09 07:00:00+05:30_Sell
2025-05-09 13:09:44,577 - INFO - Processing signal: NSE:BATAINDIA-EQ_2025-05-09 07:00:00+05:30_Sell
2025-05-09 13:09:44,619 - INFO - Processing signal: NSE:CASTROLIND-EQ_2025-05-09 07:00:00+05:30_Sell
2025-05-09 13:09:44,641 - INFO - Processing signal: NSE:CHOLAFIN-EQ_2025-05-09 07:00:00+05:30_Sell
2025-05-09 13:09:44,661 - INFO - Processing signal: NSE:CONCOR-EQ_2025-05-09 07:00:00+05:30_Sell
2025-05-09 13:09:44,681 - INFO - Processing signal: NSE:CUMMINSIND-EQ_2025-05-09 07:00:00+05:30_Sell
2025-05-09 13:09:44,697 - INFO - Processing signal: NSE:DABUR-EQ_2025-05-09 07:00:00+05:30_Sell
2025-05-09 13:09:44,711 - INFO - Processing signal: NSE:DEEPAKNTR-EQ_2025-05-09 07:00:00+05:30_Sell
2025-05-09 13:09:44,729 - INFO - Processing signal: NSE:ESCORTS-EQ_2025-05-09 07:00:00+05:30_Sell
2025-05-09 13:09:44,747 - INFO - Processing signal: NSE:FEDERALBNK-EQ_2025-05-09 07:00:00+05:30_Sell
2025-05-09 13:09:44,769 - INFO - Processing signal: NSE:GSPL-EQ_2025-05-09 07:00:00+05:30_Sell
2025-05-09 13:09:44,788 - INFO - Processing signal: NSE:HDFCLIFE-EQ_2025-05-09 07:00:00+05:30_Sell
2025-05-09 13:09:44,802 - INFO - Processing signal: NSE:ICICIGI-EQ_2025-05-09 07:00:00+05:30_Sell
2025-05-09 13:09:44,823 - INFO - Processing signal: NSE:ICICIPRULI-EQ_2025-05-09 07:00:00+05:30_Sell
2025-05-09 13:09:44,858 - INFO - Processing signal: NSE:IGL-EQ_2025-05-09 07:00:00+05:30_Sell
2025-05-09 13:09:44,890 - INFO - Processing signal: NSE:IPCALAB-EQ_2025-05-09 07:00:00+05:30_Sell
2025-05-09 13:09:44,909 - INFO - Processing signal: NSE:IRCTC-EQ_2025-05-09 07:00:00+05:30_Sell
2025-05-09 13:09:44,921 - INFO - Processing signal: NSE:JINDALSTEL-EQ_2025-05-09 07:00:00+05:30_Sell
2025-05-09 13:09:44,949 - INFO - Processing signal: NSE:JUSTDIAL-EQ_2025-05-09 07:00:00+05:30_Sell
2025-05-09 13:09:44,964 - INFO - Processing signal: NSE:KTKBANK-EQ_2025-05-09 07:00:00+05:30_Sell
2025-05-09 13:09:44,976 - INFO - Processing signal: NSE:LICHSGFIN-EQ_2025-05-09 07:00:00+05:30_Sell
2025-05-09 13:09:44,989 - INFO - Processing signal: NSE:ASHOKLEY-EQ_2025-05-09 07:00:00+05:30_Sell
2025-05-09 13:09:45,002 - INFO - Processing signal: NSE:ASTRAL-EQ_2025-05-09 07:00:00+05:30_Sell
2025-05-09 13:09:45,015 - INFO - Processing signal: NSE:ATUL-EQ_2025-05-09 07:00:00+05:30_Sell
2025-05-09 13:09:45,048 - INFO - Processing signal: NSE:BASF-EQ_2025-05-09 07:00:00+05:30_Sell
2025-05-09 13:09:45,060 - INFO - Processing signal: NSE:BEL-EQ_2025-05-09 07:00:00+05:30_Buy
2025-05-09 13:09:45,060 - INFO - Opened trade for NSE:BEL-EQ at 315.8
2025-05-09 13:09:45,073 - INFO - Processing signal: NSE:BHEL-EQ_2025-05-09 07:00:00+05:30_Sell
2025-05-09 13:09:45,087 - INFO - Processing signal: NSE:BIRLACORPN-EQ_2025-05-09 07:00:00+05:30_Sell
2025-05-09 13:09:45,101 - INFO - Processing signal: NSE:BLUEDART-EQ_2025-05-09 07:00:00+05:30_Buy
2025-05-09 13:09:45,101 - INFO - Opened trade for NSE:BLUEDART-EQ at 6672.0
2025-05-09 13:09:45,116 - INFO - Processing signal: NSE:CESC-EQ_2025-05-09 07:00:00+05:30_Sell
2025-05-09 13:09:45,127 - INFO - Processing signal: NSE:CGPOWER-EQ_2025-05-09 07:00:00+05:30_Sell
2025-05-09 13:09:45,150 - INFO - Processing signal: NSE:CRISIL-EQ_2025-05-09 07:00:00+05:30_Buy
2025-05-09 13:09:45,150 - INFO - Opened trade for NSE:CRISIL-EQ at 4870.0
2025-05-09 13:09:45,164 - INFO - Processing signal: NSE:CROMPTON-EQ_2025-05-09 07:00:00+05:30_Sell
2025-05-09 13:09:45,179 - INFO - Processing signal: NSE:CYIENT-EQ_2025-05-09 07:00:00+05:30_Sell
2025-05-09 13:09:45,199 - INFO - Processing signal: NSE:DCBBANK-EQ_2025-05-09 07:00:00+05:30_Sell
2025-05-09 13:09:45,214 - INFO - Processing signal: NSE:DEN-EQ_2025-05-09 07:00:00+05:30_Sell
2025-05-09 13:09:45,235 - INFO - Processing signal: NSE:EXIDEIND-EQ_2025-05-09 07:00:00+05:30_Sell
2025-05-09 13:09:45,273 - INFO - Processing signal: NSE:GULFPETRO-EQ_2025-05-09 07:00:00+05:30_Sell
2025-05-09 13:09:45,287 - INFO - Processing signal: NSE:HATSUN-EQ_2025-05-09 07:00:00+05:30_Sell
2025-05-09 13:09:45,301 - INFO - Processing signal: NSE:HEIDELBERG-EQ_2025-05-09 07:00:00+05:30_Sell
2025-05-09 13:09:45,314 - INFO - Processing signal: NSE:HINDZINC-EQ_2025-05-09 07:00:00+05:30_Sell
2025-05-09 13:09:45,325 - INFO - Processing signal: NSE:HONAUT-EQ_2025-05-09 07:00:00+05:30_Sell
2025-05-09 13:09:45,341 - INFO - Processing signal: NSE:IDBI-EQ_2025-05-09 07:00:00+05:30_Sell
2025-05-09 13:09:45,364 - INFO - Processing signal: NSE:IIFL-EQ_2025-05-09 07:00:00+05:30_Buy
2025-05-09 13:09:45,364 - INFO - Opened trade for NSE:IIFL-EQ at 369.8
2025-05-09 13:09:45,375 - INFO - Processing signal: NSE:JBCHEPHARM-EQ_2025-05-09 07:00:00+05:30_Sell
2025-05-09 13:09:45,394 - INFO - Processing signal: NSE:JKPAPER-EQ_2025-05-09 07:00:00+05:30_Sell
2025-05-09 13:09:45,411 - INFO - Processing signal: NSE:KEC-EQ_2025-05-09 07:00:00+05:30_Sell
2025-05-09 13:09:45,423 - INFO - Processing signal: NSE:KPRMILL-EQ_2025-05-09 07:15:00+05:30_Buy
2025-05-09 13:09:45,424 - INFO - Opened trade for NSE:KPRMILL-EQ at 1248.25
2025-05-09 13:09:45,450 - INFO - Processing signal: NSE:LTIM-EQ_2025-05-09 07:15:00+05:30_Buy
2025-05-09 13:09:45,450 - INFO - Opened trade for NSE:LTIM-EQ at 4609.0
2025-05-09 13:09:45,477 - INFO - Processing signal: NSE:MGL-EQ_2025-05-09 07:15:00+05:30_Sell
2025-05-09 13:09:45,491 - INFO - Processing signal: NSE:MPHASIS-EQ_2025-05-09 07:15:00+05:30_Sell
2025-05-09 13:09:45,502 - INFO - Processing signal: NSE:MIDHANI-EQ_2025-05-09 07:15:00+05:30_Buy
2025-05-09 13:09:45,503 - INFO - Opened trade for NSE:MIDHANI-EQ at 315.65
2025-05-09 13:09:45,516 - INFO - Processing signal: NSE:NBCC-EQ_2025-05-09 07:15:00+05:30_Sell
2025-05-09 13:09:45,531 - INFO - Processing signal: NSE:OBEROIRLTY-EQ_2025-05-09 07:15:00+05:30_Sell
2025-05-09 13:09:45,545 - INFO - Processing signal: NSE:OIL-EQ_2025-05-09 07:15:00+05:30_Sell
2025-05-09 13:09:45,557 - INFO - Processing signal: NSE:PNBHOUSING-EQ_2025-05-09 07:15:00+05:30_Sell
2025-05-09 13:09:45,569 - INFO - Processing signal: NSE:RAIN-EQ_2025-05-09 07:15:00+05:30_Sell
2025-05-09 13:09:45,586 - INFO - Processing signal: NSE:RALLIS-EQ_2025-05-09 07:15:00+05:30_Sell
2025-05-09 13:09:45,615 - INFO - Processing signal: NSE:SANGHIIND-EQ_2025-05-09 07:15:00+05:30_Sell
2025-05-09 13:09:45,629 - INFO - Processing signal: NSE:SCHAEFFLER-EQ_2025-05-09 07:15:00+05:30_Buy
2025-05-09 13:09:45,629 - INFO - Opened trade for NSE:SCHAEFFLER-EQ at 3715.3
2025-05-09 13:09:45,640 - INFO - Processing signal: NSE:SEQUENT-EQ_2025-05-09 07:15:00+05:30_Buy
2025-05-09 13:09:45,641 - INFO - Opened trade for NSE:SEQUENT-EQ at 157.0
2025-05-09 13:09:45,667 - INFO - Processing signal: NSE:SOLARINDS-EQ_2025-05-09 07:15:00+05:30_Buy
2025-05-09 13:09:45,668 - INFO - Opened trade for NSE:SOLARINDS-EQ at 13462
2025-05-09 13:09:45,704 - INFO - Processing signal: NSE:TEAMLEASE-EQ_2025-05-09 07:15:00+05:30_Sell
2025-05-09 13:09:45,719 - INFO - Processing signal: NSE:TIMKEN-EQ_2025-05-09 07:15:00+05:30_Buy
2025-05-09 13:09:45,719 - INFO - Opened trade for NSE:TIMKEN-EQ at 2756.8
2025-05-09 13:09:45,731 - INFO - Processing signal: NSE:TRENT-EQ_2025-05-09 07:15:00+05:30_Sell
2025-05-09 13:09:45,753 - INFO - Processing signal: NSE:UCOBANK-EQ_2025-05-09 07:15:00+05:30_Sell
2025-05-09 13:09:45,764 - INFO - Processing signal: NSE:UFLEX-EQ_2025-05-09 07:15:00+05:30_Sell
2025-05-09 13:09:45,777 - INFO - Processing signal: NSE:VIPIND-EQ_2025-05-09 07:15:00+05:30_Buy
2025-05-09 13:09:45,777 - INFO - Opened trade for NSE:VIPIND-EQ at 325.45
2025-05-09 13:09:45,795 - INFO - Processing signal: NSE:WELCORP-EQ_2025-05-09 07:15:00+05:30_Sell
2025-05-09 13:09:45,916 - INFO - App updated at 2025-05-09 13:09:45
2025-05-09 13:09:56,707 - INFO - App updated at 2025-05-09 13:09:56
2025-05-09 13:10:07,435 - INFO - App updated at 2025-05-09 13:10:07
2025-05-09 13:10:18,283 - INFO - App updated at 2025-05-09 13:10:18
2025-05-09 13:10:29,275 - INFO - App updated at 2025-05-09 13:10:29
2025-05-09 13:10:40,320 - INFO - App updated at 2025-05-09 13:10:40
2025-05-09 13:10:51,223 - INFO - App updated at 2025-05-09 13:10:51
2025-05-09 13:11:02,153 - INFO - App updated at 2025-05-09 13:11:02
2025-05-09 13:11:13,177 - INFO - App updated at 2025-05-09 13:11:13
2025-05-09 13:11:23,926 - INFO - App updated at 2025-05-09 13:11:23
2025-05-09 13:11:34,792 - INFO - App updated at 2025-05-09 13:11:34
2025-05-09 13:11:45,802 - INFO - App updated at 2025-05-09 13:11:45
2025-05-09 13:11:56,857 - INFO - App updated at 2025-05-09 13:11:56
2025-05-09 13:12:07,636 - INFO - App updated at 2025-05-09 13:12:07
2025-05-09 13:12:18,392 - INFO - App updated at 2025-05-09 13:12:18
2025-05-09 13:12:29,206 - INFO - App updated at 2025-05-09 13:12:29
2025-05-09 13:12:40,125 - INFO - App updated at 2025-05-09 13:12:40
2025-05-09 13:12:50,972 - INFO - App updated at 2025-05-09 13:12:50
2025-05-09 13:13:01,701 - INFO - App updated at 2025-05-09 13:13:01
2025-05-09 13:13:12,522 - INFO - App updated at 2025-05-09 13:13:12
2025-05-09 13:13:23,203 - INFO - App updated at 2025-05-09 13:13:23
2025-05-09 13:13:34,038 - INFO - App updated at 2025-05-09 13:13:34
2025-05-09 13:13:44,874 - INFO - App updated at 2025-05-09 13:13:44
2025-05-09 13:13:55,553 - INFO - App updated at 2025-05-09 13:13:55
2025-05-09 13:14:06,276 - INFO - App updated at 2025-05-09 13:14:06
2025-05-09 13:14:17,061 - INFO - App updated at 2025-05-09 13:14:17
2025-05-09 13:14:27,873 - INFO - App updated at 2025-05-09 13:14:27
2025-05-09 13:14:38,764 - INFO - App updated at 2025-05-09 13:14:38
2025-05-09 13:14:49,544 - INFO - App updated at 2025-05-09 13:14:49
2025-05-09 13:15:00,499 - INFO - App updated at 2025-05-09 13:15:00
2025-05-09 13:15:27,997 - INFO - Processing signal: NSE:RELIANCE-EQ_2025-05-09 07:00:00+05:30_Sell
2025-05-09 13:15:28,052 - INFO - Processing signal: NSE:TCS-EQ_2025-05-09 07:00:00+05:30_Sell
2025-05-09 13:15:28,085 - INFO - Processing signal: NSE:HDFCBANK-EQ_2025-05-09 07:00:00+05:30_Sell
2025-05-09 13:15:28,132 - INFO - Processing signal: NSE:HINDUNILVR-EQ_2025-05-09 07:00:00+05:30_Sell
2025-05-09 13:15:28,158 - INFO - Processing signal: NSE:ICICIBANK-EQ_2025-05-09 07:00:00+05:30_Sell
2025-05-09 13:15:28,194 - INFO - Processing signal: NSE:AXISBANK-EQ_2025-05-09 07:00:00+05:30_Sell
2025-05-09 13:15:28,213 - INFO - Processing signal: NSE:SBIN-EQ_2025-05-09 07:00:00+05:30_Sell
2025-05-09 13:15:28,237 - INFO - Processing signal: NSE:BAJFINANCE-EQ_2025-05-09 07:00:00+05:30_Sell
2025-05-09 13:15:28,261 - INFO - Processing signal: NSE:LT-EQ_2025-05-09 07:00:00+05:30_Buy
2025-05-09 13:15:28,261 - INFO - Opened trade for NSE:LT-EQ at 3448.7
2025-05-09 13:15:28,286 - INFO - Processing signal: NSE:ASIANPAINT-EQ_2025-05-09 07:00:00+05:30_Sell
2025-05-09 13:15:28,317 - INFO - Processing signal: NSE:ITC-EQ_2025-05-09 07:00:00+05:30_Sell
2025-05-09 13:15:28,334 - INFO - Processing signal: NSE:MARUTI-EQ_2025-05-09 07:00:00+05:30_Sell
2025-05-09 13:15:28,350 - INFO - Processing signal: NSE:SUNPHARMA-EQ_2025-05-09 07:00:00+05:30_Sell
2025-05-09 13:15:28,364 - INFO - Processing signal: NSE:BAJAJFINSV-EQ_2025-05-09 07:00:00+05:30_Sell
2025-05-09 13:15:28,379 - INFO - Processing signal: NSE:ULTRACEMCO-EQ_2025-05-09 07:00:00+05:30_Sell
2025-05-09 13:15:28,394 - INFO - Processing signal: NSE:JSWSTEEL-EQ_2025-05-09 07:00:00+05:30_Sell
2025-05-09 13:15:28,412 - INFO - Processing signal: NSE:TITAN-EQ_2025-05-09 07:00:00+05:30_Buy
2025-05-09 13:15:28,412 - INFO - Opened trade for NSE:TITAN-EQ at 3496.5
2025-05-09 13:15:28,438 - INFO - Processing signal: NSE:ONGC-EQ_2025-05-09 07:00:00+05:30_Sell
2025-05-09 13:15:28,453 - INFO - Processing signal: NSE:POWERGRID-EQ_2025-05-09 07:00:00+05:30_Sell
2025-05-09 13:15:28,473 - INFO - Processing signal: NSE:NTPC-EQ_2025-05-09 07:00:00+05:30_Sell
2025-05-09 13:15:28,488 - INFO - Processing signal: NSE:IOC-EQ_2025-05-09 07:00:00+05:30_Sell
2025-05-09 13:15:28,510 - INFO - Processing signal: NSE:DIVISLAB-EQ_2025-05-09 07:00:00+05:30_Sell
2025-05-09 13:15:28,525 - INFO - Processing signal: NSE:SBILIFE-EQ_2025-05-09 07:00:00+05:30_Sell
2025-05-09 13:15:28,541 - INFO - Processing signal: NSE:GRASIM-EQ_2025-05-09 07:00:00+05:30_Sell
2025-05-09 13:15:28,554 - INFO - Processing signal: NSE:UPL-EQ_2025-05-09 07:00:00+05:30_Sell
2025-05-09 13:15:28,567 - INFO - Processing signal: NSE:TECHM-EQ_2025-05-09 07:00:00+05:30_Sell
2025-05-09 13:15:28,580 - INFO - Processing signal: NSE:WIPRO-EQ_2025-05-09 07:00:00+05:30_Sell
2025-05-09 13:15:28,594 - INFO - Processing signal: NSE:BPCL-EQ_2025-05-09 07:00:00+05:30_Sell
2025-05-09 13:15:28,606 - INFO - Processing signal: NSE:CIPLA-EQ_2025-05-09 07:00:00+05:30_Sell
2025-05-09 13:15:28,619 - INFO - Processing signal: NSE:EICHERMOT-EQ_2025-05-09 07:00:00+05:30_Sell
2025-05-09 13:15:28,635 - INFO - Processing signal: NSE:DRREDDY-EQ_2025-05-09 07:00:00+05:30_Sell
2025-05-09 13:15:28,660 - INFO - Processing signal: NSE:VEDL-EQ_2025-05-09 07:00:00+05:30_Sell
2025-05-09 13:15:28,673 - INFO - Processing signal: NSE:NESTLEIND-EQ_2025-05-09 07:00:00+05:30_Sell
2025-05-09 13:15:28,692 - INFO - Processing signal: NSE:INDUSINDBK-EQ_2025-05-09 07:00:00+05:30_Sell
2025-05-09 13:15:28,705 - INFO - Processing signal: NSE:BRITANNIA-EQ_2025-05-09 07:00:00+05:30_Buy
2025-05-09 13:15:28,705 - INFO - Opened trade for NSE:BRITANNIA-EQ at 5433.0
2025-05-09 13:15:28,718 - INFO - Processing signal: NSE:HEROMOTOCO-EQ_2025-05-09 07:00:00+05:30_Buy
2025-05-09 13:15:28,718 - INFO - Opened trade for NSE:HEROMOTOCO-EQ at 3856.5
2025-05-09 13:15:28,732 - INFO - Processing signal: NSE:COALINDIA-EQ_2025-05-09 07:00:00+05:30_Sell
2025-05-09 13:15:28,745 - INFO - Processing signal: NSE:BHARTIARTL-EQ_2025-05-09 07:00:00+05:30_Sell
2025-05-09 13:15:28,758 - INFO - Processing signal: NSE:SHREECEM-EQ_2025-05-09 07:00:00+05:30_Sell
2025-05-09 13:15:28,773 - INFO - Processing signal: NSE:HINDALCO-EQ_2025-05-09 07:00:00+05:30_Sell
2025-05-09 13:15:28,785 - INFO - Processing signal: NSE:APOLLOHOSP-EQ_2025-05-09 07:00:00+05:30_Sell
2025-05-09 13:15:28,798 - INFO - Processing signal: NSE:TATASTEEL-EQ_2025-05-09 07:00:00+05:30_Sell
2025-05-09 13:15:28,819 - INFO - Processing signal: NSE:SIEMENS-EQ_2025-05-09 07:00:00+05:30_Sell
2025-05-09 13:15:28,845 - INFO - Processing signal: NSE:AMBUJACEM-EQ_2025-05-09 07:00:00+05:30_Sell
2025-05-09 13:15:28,858 - INFO - Processing signal: NSE:ACC-EQ_2025-05-09 07:00:00+05:30_Sell
2025-05-09 13:15:28,873 - INFO - Processing signal: NSE:GAIL-EQ_2025-05-09 07:00:00+05:30_Sell
2025-05-09 13:15:28,894 - INFO - Processing signal: NSE:GODREJCP-EQ_2025-05-09 07:00:00+05:30_Sell
2025-05-09 13:15:28,906 - INFO - Processing signal: NSE:NAUKRI-EQ_2025-05-09 07:00:00+05:30_Sell
2025-05-09 13:15:28,925 - INFO - Processing signal: NSE:PAGEIND-EQ_2025-05-09 07:00:00+05:30_Sell
2025-05-09 13:15:28,939 - INFO - Processing signal: NSE:HAVELLS-EQ_2025-05-09 07:00:00+05:30_Sell
2025-05-09 13:15:28,953 - INFO - Processing signal: NSE:BERGEPAINT-EQ_2025-05-09 07:00:00+05:30_Sell
2025-05-09 13:15:28,965 - INFO - Processing signal: NSE:LUPIN-EQ_2025-05-09 07:00:00+05:30_Sell
2025-05-09 13:15:28,979 - INFO - Processing signal: NSE:COLPAL-EQ_2025-05-09 07:00:00+05:30_Sell
2025-05-09 13:15:28,992 - INFO - Processing signal: NSE:ALKEM-EQ_2025-05-09 07:00:00+05:30_Sell
2025-05-09 13:15:29,026 - INFO - Processing signal: NSE:BANDHANBNK-EQ_2025-05-09 07:00:00+05:30_Sell
2025-05-09 13:15:29,042 - INFO - Processing signal: NSE:BATAINDIA-EQ_2025-05-09 07:00:00+05:30_Sell
2025-05-09 13:15:29,068 - INFO - Processing signal: NSE:CASTROLIND-EQ_2025-05-09 07:00:00+05:30_Sell
2025-05-09 13:15:29,081 - INFO - Processing signal: NSE:CHOLAFIN-EQ_2025-05-09 07:00:00+05:30_Sell
2025-05-09 13:15:29,094 - INFO - Processing signal: NSE:CONCOR-EQ_2025-05-09 07:00:00+05:30_Sell
2025-05-09 13:15:29,106 - INFO - Processing signal: NSE:CUMMINSIND-EQ_2025-05-09 07:00:00+05:30_Sell
2025-05-09 13:15:29,123 - INFO - Processing signal: NSE:DABUR-EQ_2025-05-09 07:00:00+05:30_Sell
2025-05-09 13:15:29,139 - INFO - Processing signal: NSE:DEEPAKNTR-EQ_2025-05-09 07:00:00+05:30_Sell
2025-05-09 13:15:29,154 - INFO - Processing signal: NSE:ESCORTS-EQ_2025-05-09 07:00:00+05:30_Sell
2025-05-09 13:15:29,173 - INFO - Processing signal: NSE:FEDERALBNK-EQ_2025-05-09 07:00:00+05:30_Sell
2025-05-09 13:15:29,212 - INFO - Processing signal: NSE:GSPL-EQ_2025-05-09 07:00:00+05:30_Sell
2025-05-09 13:15:29,252 - INFO - Processing signal: NSE:HDFCLIFE-EQ_2025-05-09 07:00:00+05:30_Sell
2025-05-09 13:15:29,282 - INFO - Processing signal: NSE:ICICIGI-EQ_2025-05-09 07:00:00+05:30_Sell
2025-05-09 13:15:29,310 - INFO - Processing signal: NSE:ICICIPRULI-EQ_2025-05-09 07:00:00+05:30_Sell
2025-05-09 13:15:29,338 - INFO - Processing signal: NSE:IGL-EQ_2025-05-09 07:00:00+05:30_Sell
2025-05-09 13:15:29,374 - INFO - Processing signal: NSE:IPCALAB-EQ_2025-05-09 07:00:00+05:30_Sell
2025-05-09 13:15:29,394 - INFO - Processing signal: NSE:IRCTC-EQ_2025-05-09 07:00:00+05:30_Sell
2025-05-09 13:15:29,418 - INFO - Processing signal: NSE:JINDALSTEL-EQ_2025-05-09 07:00:00+05:30_Sell
2025-05-09 13:15:29,461 - INFO - Processing signal: NSE:JUSTDIAL-EQ_2025-05-09 07:00:00+05:30_Sell
2025-05-09 13:15:29,488 - INFO - Processing signal: NSE:KTKBANK-EQ_2025-05-09 07:00:00+05:30_Sell
2025-05-09 13:15:29,515 - INFO - Processing signal: NSE:LICHSGFIN-EQ_2025-05-09 07:00:00+05:30_Sell
2025-05-09 13:15:29,540 - INFO - Processing signal: NSE:ASHOKLEY-EQ_2025-05-09 07:00:00+05:30_Sell
2025-05-09 13:15:29,565 - INFO - Processing signal: NSE:ASTRAL-EQ_2025-05-09 07:00:00+05:30_Sell
2025-05-09 13:15:29,590 - INFO - Processing signal: NSE:ATUL-EQ_2025-05-09 07:00:00+05:30_Sell
2025-05-09 13:15:29,663 - INFO - Processing signal: NSE:BASF-EQ_2025-05-09 07:00:00+05:30_Sell
2025-05-09 13:15:29,694 - INFO - Processing signal: NSE:BEL-EQ_2025-05-09 07:00:00+05:30_Buy
2025-05-09 13:15:29,694 - INFO - Opened trade for NSE:BEL-EQ at 315.8
2025-05-09 13:15:29,717 - INFO - Processing signal: NSE:BHEL-EQ_2025-05-09 07:00:00+05:30_Sell
2025-05-09 13:15:29,741 - INFO - Processing signal: NSE:BIRLACORPN-EQ_2025-05-09 07:00:00+05:30_Sell
2025-05-09 13:15:29,768 - INFO - Processing signal: NSE:BLUEDART-EQ_2025-05-09 07:00:00+05:30_Buy
2025-05-09 13:15:29,769 - INFO - Opened trade for NSE:BLUEDART-EQ at 6672.0
2025-05-09 13:15:29,794 - INFO - Processing signal: NSE:CESC-EQ_2025-05-09 07:00:00+05:30_Sell
2025-05-09 13:15:29,822 - INFO - Processing signal: NSE:CGPOWER-EQ_2025-05-09 07:00:00+05:30_Sell
2025-05-09 13:15:29,854 - INFO - Processing signal: NSE:CRISIL-EQ_2025-05-09 07:00:00+05:30_Buy
2025-05-09 13:15:29,854 - INFO - Opened trade for NSE:CRISIL-EQ at 4870.0
2025-05-09 13:15:29,871 - INFO - Processing signal: NSE:CROMPTON-EQ_2025-05-09 07:00:00+05:30_Sell
2025-05-09 13:15:29,884 - INFO - Processing signal: NSE:CYIENT-EQ_2025-05-09 07:00:00+05:30_Sell
2025-05-09 13:15:29,898 - INFO - Processing signal: NSE:DCBBANK-EQ_2025-05-09 07:00:00+05:30_Sell
2025-05-09 13:15:29,911 - INFO - Processing signal: NSE:DEN-EQ_2025-05-09 07:00:00+05:30_Sell
2025-05-09 13:15:29,934 - INFO - Processing signal: NSE:EXIDEIND-EQ_2025-05-09 07:00:00+05:30_Sell
2025-05-09 13:15:29,974 - INFO - Processing signal: NSE:GULFPETRO-EQ_2025-05-09 07:00:00+05:30_Sell
2025-05-09 13:15:29,987 - INFO - Processing signal: NSE:HATSUN-EQ_2025-05-09 07:00:00+05:30_Sell
2025-05-09 13:15:30,000 - INFO - Processing signal: NSE:HEIDELBERG-EQ_2025-05-09 07:00:00+05:30_Sell
2025-05-09 13:15:30,016 - INFO - Processing signal: NSE:HINDZINC-EQ_2025-05-09 07:00:00+05:30_Sell
2025-05-09 13:15:30,029 - INFO - Processing signal: NSE:HONAUT-EQ_2025-05-09 07:00:00+05:30_Sell
2025-05-09 13:15:30,043 - INFO - Processing signal: NSE:IDBI-EQ_2025-05-09 07:00:00+05:30_Sell
2025-05-09 13:15:30,069 - INFO - Processing signal: NSE:IIFL-EQ_2025-05-09 07:00:00+05:30_Buy
2025-05-09 13:15:30,069 - INFO - Opened trade for NSE:IIFL-EQ at 369.8
2025-05-09 13:15:30,082 - INFO - Processing signal: NSE:JBCHEPHARM-EQ_2025-05-09 07:00:00+05:30_Sell
2025-05-09 13:15:30,106 - INFO - Processing signal: NSE:JKPAPER-EQ_2025-05-09 07:00:00+05:30_Sell
2025-05-09 13:15:30,124 - INFO - Processing signal: NSE:KEC-EQ_2025-05-09 07:00:00+05:30_Sell
2025-05-09 13:15:30,138 - INFO - Processing signal: NSE:KPRMILL-EQ_2025-05-09 07:15:00+05:30_Buy
2025-05-09 13:15:30,138 - INFO - Opened trade for NSE:KPRMILL-EQ at 1248.25
2025-05-09 13:15:30,168 - INFO - Processing signal: NSE:LTIM-EQ_2025-05-09 07:15:00+05:30_Buy
2025-05-09 13:15:30,168 - INFO - Opened trade for NSE:LTIM-EQ at 4609.0
2025-05-09 13:15:30,199 - INFO - Processing signal: NSE:MGL-EQ_2025-05-09 07:15:00+05:30_Sell
2025-05-09 13:15:30,213 - INFO - Processing signal: NSE:MPHASIS-EQ_2025-05-09 07:15:00+05:30_Sell
2025-05-09 13:15:30,227 - INFO - Processing signal: NSE:MIDHANI-EQ_2025-05-09 07:15:00+05:30_Buy
2025-05-09 13:15:30,227 - INFO - Opened trade for NSE:MIDHANI-EQ at 315.65
2025-05-09 13:15:30,242 - INFO - Processing signal: NSE:NBCC-EQ_2025-05-09 07:15:00+05:30_Sell
2025-05-09 13:15:30,258 - INFO - Processing signal: NSE:OBEROIRLTY-EQ_2025-05-09 07:15:00+05:30_Sell
2025-05-09 13:15:30,272 - INFO - Processing signal: NSE:OIL-EQ_2025-05-09 07:15:00+05:30_Sell
2025-05-09 13:15:30,284 - INFO - Processing signal: NSE:PNBHOUSING-EQ_2025-05-09 07:15:00+05:30_Sell
2025-05-09 13:15:30,298 - INFO - Processing signal: NSE:RAIN-EQ_2025-05-09 07:15:00+05:30_Sell
2025-05-09 13:15:30,311 - INFO - Processing signal: NSE:RALLIS-EQ_2025-05-09 07:15:00+05:30_Sell
2025-05-09 13:15:30,345 - INFO - Processing signal: NSE:SANGHIIND-EQ_2025-05-09 07:15:00+05:30_Sell
2025-05-09 13:15:30,357 - INFO - Processing signal: NSE:SCHAEFFLER-EQ_2025-05-09 07:15:00+05:30_Buy
2025-05-09 13:15:30,357 - INFO - Opened trade for NSE:SCHAEFFLER-EQ at 3715.3
2025-05-09 13:15:30,376 - INFO - Processing signal: NSE:SEQUENT-EQ_2025-05-09 07:15:00+05:30_Buy
2025-05-09 13:15:30,376 - INFO - Opened trade for NSE:SEQUENT-EQ at 157.0
2025-05-09 13:15:30,424 - INFO - Processing signal: NSE:SOLARINDS-EQ_2025-05-09 07:15:00+05:30_Buy
2025-05-09 13:15:30,425 - INFO - Opened trade for NSE:SOLARINDS-EQ at 13462
2025-05-09 13:15:30,492 - INFO - Processing signal: NSE:TEAMLEASE-EQ_2025-05-09 07:15:00+05:30_Sell
2025-05-09 13:15:30,508 - INFO - Processing signal: NSE:TIMKEN-EQ_2025-05-09 07:15:00+05:30_Buy
2025-05-09 13:15:30,509 - INFO - Opened trade for NSE:TIMKEN-EQ at 2756.8
2025-05-09 13:15:30,522 - INFO - Processing signal: NSE:TRENT-EQ_2025-05-09 07:15:00+05:30_Sell
2025-05-09 13:15:30,544 - INFO - Processing signal: NSE:UCOBANK-EQ_2025-05-09 07:15:00+05:30_Sell
2025-05-09 13:15:30,557 - INFO - Processing signal: NSE:UFLEX-EQ_2025-05-09 07:15:00+05:30_Sell
2025-05-09 13:15:30,571 - INFO - Processing signal: NSE:VIPIND-EQ_2025-05-09 07:15:00+05:30_Buy
2025-05-09 13:15:30,571 - INFO - Opened trade for NSE:VIPIND-EQ at 325.45
2025-05-09 13:15:30,589 - INFO - Processing signal: NSE:WELCORP-EQ_2025-05-09 07:15:00+05:30_Sell
2025-05-09 13:15:31,526 - INFO - App updated at 2025-05-09 13:15:31
2025-05-09 13:15:31,605 - INFO - Processing signal: NSE:RELIANCE-EQ_2025-05-09 07:00:00+05:30_Sell
2025-05-09 13:15:31,627 - INFO - Processing signal: NSE:TCS-EQ_2025-05-09 07:00:00+05:30_Sell
2025-05-09 13:15:31,644 - INFO - Processing signal: NSE:HDFCBANK-EQ_2025-05-09 07:00:00+05:30_Sell
2025-05-09 13:15:31,679 - INFO - Processing signal: NSE:HINDUNILVR-EQ_2025-05-09 07:00:00+05:30_Sell
2025-05-09 13:15:31,695 - INFO - Processing signal: NSE:ICICIBANK-EQ_2025-05-09 07:00:00+05:30_Sell
2025-05-09 13:15:31,730 - INFO - Processing signal: NSE:AXISBANK-EQ_2025-05-09 07:00:00+05:30_Sell
2025-05-09 13:15:31,754 - INFO - Processing signal: NSE:SBIN-EQ_2025-05-09 07:00:00+05:30_Sell
2025-05-09 13:15:31,772 - INFO - Processing signal: NSE:BAJFINANCE-EQ_2025-05-09 07:00:00+05:30_Sell
2025-05-09 13:15:31,792 - INFO - Processing signal: NSE:LT-EQ_2025-05-09 07:00:00+05:30_Buy
2025-05-09 13:15:31,792 - INFO - Opened trade for NSE:LT-EQ at 3448.7
2025-05-09 13:15:31,812 - INFO - Processing signal: NSE:ASIANPAINT-EQ_2025-05-09 07:00:00+05:30_Sell
2025-05-09 13:15:31,844 - INFO - Processing signal: NSE:ITC-EQ_2025-05-09 07:00:00+05:30_Sell
2025-05-09 13:15:31,881 - INFO - Processing signal: NSE:MARUTI-EQ_2025-05-09 07:00:00+05:30_Sell
2025-05-09 13:15:31,899 - INFO - Processing signal: NSE:SUNPHARMA-EQ_2025-05-09 07:00:00+05:30_Sell
2025-05-09 13:15:31,917 - INFO - Processing signal: NSE:BAJAJFINSV-EQ_2025-05-09 07:00:00+05:30_Sell
2025-05-09 13:15:31,930 - INFO - Processing signal: NSE:ULTRACEMCO-EQ_2025-05-09 07:00:00+05:30_Sell
2025-05-09 13:15:31,945 - INFO - Processing signal: NSE:JSWSTEEL-EQ_2025-05-09 07:00:00+05:30_Sell
2025-05-09 13:15:31,959 - INFO - Processing signal: NSE:TITAN-EQ_2025-05-09 07:00:00+05:30_Buy
2025-05-09 13:15:31,959 - INFO - Opened trade for NSE:TITAN-EQ at 3496.5
2025-05-09 13:15:31,981 - INFO - Processing signal: NSE:ONGC-EQ_2025-05-09 07:00:00+05:30_Sell
2025-05-09 13:15:31,994 - INFO - Processing signal: NSE:POWERGRID-EQ_2025-05-09 07:00:00+05:30_Sell
2025-05-09 13:15:32,006 - INFO - Processing signal: NSE:NTPC-EQ_2025-05-09 07:00:00+05:30_Sell
2025-05-09 13:15:32,021 - INFO - Processing signal: NSE:IOC-EQ_2025-05-09 07:00:00+05:30_Sell
2025-05-09 13:15:32,032 - INFO - Processing signal: NSE:DIVISLAB-EQ_2025-05-09 07:00:00+05:30_Sell
2025-05-09 13:15:32,045 - INFO - Processing signal: NSE:SBILIFE-EQ_2025-05-09 07:00:00+05:30_Sell
2025-05-09 13:15:32,063 - INFO - Processing signal: NSE:GRASIM-EQ_2025-05-09 07:00:00+05:30_Sell
2025-05-09 13:15:32,079 - INFO - Processing signal: NSE:UPL-EQ_2025-05-09 07:00:00+05:30_Sell
2025-05-09 13:15:32,091 - INFO - Processing signal: NSE:TECHM-EQ_2025-05-09 07:00:00+05:30_Sell
2025-05-09 13:15:32,103 - INFO - Processing signal: NSE:WIPRO-EQ_2025-05-09 07:00:00+05:30_Sell
2025-05-09 13:15:32,116 - INFO - Processing signal: NSE:BPCL-EQ_2025-05-09 07:00:00+05:30_Sell
2025-05-09 13:15:32,129 - INFO - Processing signal: NSE:CIPLA-EQ_2025-05-09 07:00:00+05:30_Sell
2025-05-09 13:15:32,147 - INFO - Processing signal: NSE:EICHERMOT-EQ_2025-05-09 07:00:00+05:30_Sell
2025-05-09 13:15:32,164 - INFO - Processing signal: NSE:DRREDDY-EQ_2025-05-09 07:00:00+05:30_Sell
2025-05-09 13:15:32,190 - INFO - Processing signal: NSE:VEDL-EQ_2025-05-09 07:00:00+05:30_Sell
2025-05-09 13:15:32,209 - INFO - Processing signal: NSE:NESTLEIND-EQ_2025-05-09 07:00:00+05:30_Sell
2025-05-09 13:15:32,235 - INFO - Processing signal: NSE:INDUSINDBK-EQ_2025-05-09 07:00:00+05:30_Sell
2025-05-09 13:15:32,249 - INFO - Processing signal: NSE:BRITANNIA-EQ_2025-05-09 07:00:00+05:30_Buy
2025-05-09 13:15:32,249 - INFO - Opened trade for NSE:BRITANNIA-EQ at 5433.0
2025-05-09 13:15:32,271 - INFO - Processing signal: NSE:HEROMOTOCO-EQ_2025-05-09 07:00:00+05:30_Buy
2025-05-09 13:15:32,271 - INFO - Opened trade for NSE:HEROMOTOCO-EQ at 3856.5
2025-05-09 13:15:32,288 - INFO - Processing signal: NSE:COALINDIA-EQ_2025-05-09 07:00:00+05:30_Sell
2025-05-09 13:15:32,311 - INFO - Processing signal: NSE:BHARTIARTL-EQ_2025-05-09 07:00:00+05:30_Sell
2025-05-09 13:15:32,331 - INFO - Processing signal: NSE:SHREECEM-EQ_2025-05-09 07:00:00+05:30_Sell
2025-05-09 13:15:32,350 - INFO - Processing signal: NSE:HINDALCO-EQ_2025-05-09 07:00:00+05:30_Sell
2025-05-09 13:15:32,367 - INFO - Processing signal: NSE:APOLLOHOSP-EQ_2025-05-09 07:00:00+05:30_Sell
2025-05-09 13:15:32,383 - INFO - Processing signal: NSE:TATASTEEL-EQ_2025-05-09 07:00:00+05:30_Sell
2025-05-09 13:15:32,416 - INFO - Processing signal: NSE:SIEMENS-EQ_2025-05-09 07:00:00+05:30_Sell
2025-05-09 13:15:32,444 - INFO - Processing signal: NSE:AMBUJACEM-EQ_2025-05-09 07:00:00+05:30_Sell
2025-05-09 13:15:32,464 - INFO - Processing signal: NSE:ACC-EQ_2025-05-09 07:00:00+05:30_Sell
2025-05-09 13:15:32,482 - INFO - Processing signal: NSE:GAIL-EQ_2025-05-09 07:00:00+05:30_Sell
2025-05-09 13:15:32,513 - INFO - Processing signal: NSE:GODREJCP-EQ_2025-05-09 07:00:00+05:30_Sell
2025-05-09 13:15:32,531 - INFO - Processing signal: NSE:NAUKRI-EQ_2025-05-09 07:00:00+05:30_Sell
2025-05-09 13:15:32,557 - INFO - Processing signal: NSE:PAGEIND-EQ_2025-05-09 07:00:00+05:30_Sell
2025-05-09 13:15:32,574 - INFO - Processing signal: NSE:HAVELLS-EQ_2025-05-09 07:00:00+05:30_Sell
2025-05-09 13:15:32,595 - INFO - Processing signal: NSE:BERGEPAINT-EQ_2025-05-09 07:00:00+05:30_Sell
2025-05-09 13:15:32,615 - INFO - Processing signal: NSE:LUPIN-EQ_2025-05-09 07:00:00+05:30_Sell
2025-05-09 13:15:32,633 - INFO - Processing signal: NSE:COLPAL-EQ_2025-05-09 07:00:00+05:30_Sell
2025-05-09 13:15:32,646 - INFO - Processing signal: NSE:ALKEM-EQ_2025-05-09 07:00:00+05:30_Sell
2025-05-09 13:15:32,686 - INFO - Processing signal: NSE:BANDHANBNK-EQ_2025-05-09 07:00:00+05:30_Sell
2025-05-09 13:15:32,702 - INFO - Processing signal: NSE:BATAINDIA-EQ_2025-05-09 07:00:00+05:30_Sell
2025-05-09 13:15:32,724 - INFO - Processing signal: NSE:CASTROLIND-EQ_2025-05-09 07:00:00+05:30_Sell
2025-05-09 13:15:32,742 - INFO - Processing signal: NSE:CHOLAFIN-EQ_2025-05-09 07:00:00+05:30_Sell
2025-05-09 13:15:32,761 - INFO - Processing signal: NSE:CONCOR-EQ_2025-05-09 07:00:00+05:30_Sell
2025-05-09 13:15:32,776 - INFO - Processing signal: NSE:CUMMINSIND-EQ_2025-05-09 07:00:00+05:30_Sell
2025-05-09 13:15:32,793 - INFO - Processing signal: NSE:DABUR-EQ_2025-05-09 07:00:00+05:30_Sell
2025-05-09 13:15:32,809 - INFO - Processing signal: NSE:DEEPAKNTR-EQ_2025-05-09 07:00:00+05:30_Sell
2025-05-09 13:15:32,825 - INFO - Processing signal: NSE:ESCORTS-EQ_2025-05-09 07:00:00+05:30_Sell
2025-05-09 13:15:32,838 - INFO - Processing signal: NSE:FEDERALBNK-EQ_2025-05-09 07:00:00+05:30_Sell
2025-05-09 13:15:32,860 - INFO - Processing signal: NSE:GSPL-EQ_2025-05-09 07:00:00+05:30_Sell
2025-05-09 13:15:32,879 - INFO - Processing signal: NSE:HDFCLIFE-EQ_2025-05-09 07:00:00+05:30_Sell
2025-05-09 13:15:32,892 - INFO - Processing signal: NSE:ICICIGI-EQ_2025-05-09 07:00:00+05:30_Sell
2025-05-09 13:15:32,907 - INFO - Processing signal: NSE:ICICIPRULI-EQ_2025-05-09 07:00:00+05:30_Sell
2025-05-09 13:15:32,925 - INFO - Processing signal: NSE:IGL-EQ_2025-05-09 07:00:00+05:30_Sell
2025-05-09 13:15:32,944 - INFO - Processing signal: NSE:IPCALAB-EQ_2025-05-09 07:00:00+05:30_Sell
2025-05-09 13:15:32,958 - INFO - Processing signal: NSE:IRCTC-EQ_2025-05-09 07:00:00+05:30_Sell
2025-05-09 13:15:32,969 - INFO - Processing signal: NSE:JINDALSTEL-EQ_2025-05-09 07:00:00+05:30_Sell
2025-05-09 13:15:32,993 - INFO - Processing signal: NSE:JUSTDIAL-EQ_2025-05-09 07:00:00+05:30_Sell
2025-05-09 13:15:33,007 - INFO - Processing signal: NSE:KTKBANK-EQ_2025-05-09 07:00:00+05:30_Sell
2025-05-09 13:15:33,022 - INFO - Processing signal: NSE:LICHSGFIN-EQ_2025-05-09 07:00:00+05:30_Sell
2025-05-09 13:15:33,038 - INFO - Processing signal: NSE:ASHOKLEY-EQ_2025-05-09 07:00:00+05:30_Sell
2025-05-09 13:15:33,050 - INFO - Processing signal: NSE:ASTRAL-EQ_2025-05-09 07:00:00+05:30_Sell
2025-05-09 13:15:33,069 - INFO - Processing signal: NSE:ATUL-EQ_2025-05-09 07:00:00+05:30_Sell
2025-05-09 13:15:33,106 - INFO - Processing signal: NSE:BASF-EQ_2025-05-09 07:00:00+05:30_Sell
2025-05-09 13:15:33,121 - INFO - Processing signal: NSE:BEL-EQ_2025-05-09 07:00:00+05:30_Buy
2025-05-09 13:15:33,121 - INFO - Opened trade for NSE:BEL-EQ at 315.8
2025-05-09 13:15:33,135 - INFO - Processing signal: NSE:BHEL-EQ_2025-05-09 07:00:00+05:30_Sell
2025-05-09 13:15:33,151 - INFO - Processing signal: NSE:BIRLACORPN-EQ_2025-05-09 07:00:00+05:30_Sell
2025-05-09 13:15:33,163 - INFO - Processing signal: NSE:BLUEDART-EQ_2025-05-09 07:00:00+05:30_Buy
2025-05-09 13:15:33,163 - INFO - Opened trade for NSE:BLUEDART-EQ at 6672.0
2025-05-09 13:15:33,177 - INFO - Processing signal: NSE:CESC-EQ_2025-05-09 07:00:00+05:30_Sell
2025-05-09 13:15:33,194 - INFO - Processing signal: NSE:CGPOWER-EQ_2025-05-09 07:00:00+05:30_Sell
2025-05-09 13:15:33,228 - INFO - Processing signal: NSE:CRISIL-EQ_2025-05-09 07:00:00+05:30_Buy
2025-05-09 13:15:33,228 - INFO - Opened trade for NSE:CRISIL-EQ at 4870.0
2025-05-09 13:15:33,247 - INFO - Processing signal: NSE:CROMPTON-EQ_2025-05-09 07:00:00+05:30_Sell
2025-05-09 13:15:33,265 - INFO - Processing signal: NSE:CYIENT-EQ_2025-05-09 07:00:00+05:30_Sell
2025-05-09 13:15:33,284 - INFO - Processing signal: NSE:DCBBANK-EQ_2025-05-09 07:00:00+05:30_Sell
2025-05-09 13:15:33,302 - INFO - Processing signal: NSE:DEN-EQ_2025-05-09 07:00:00+05:30_Sell
2025-05-09 13:15:33,333 - INFO - Processing signal: NSE:EXIDEIND-EQ_2025-05-09 07:00:00+05:30_Sell
2025-05-09 13:15:33,395 - INFO - Processing signal: NSE:GULFPETRO-EQ_2025-05-09 07:00:00+05:30_Sell
2025-05-09 13:15:33,415 - INFO - Processing signal: NSE:HATSUN-EQ_2025-05-09 07:00:00+05:30_Sell
2025-05-09 13:15:33,435 - INFO - Processing signal: NSE:HEIDELBERG-EQ_2025-05-09 07:00:00+05:30_Sell
2025-05-09 13:15:33,454 - INFO - Processing signal: NSE:HINDZINC-EQ_2025-05-09 07:00:00+05:30_Sell
2025-05-09 13:15:33,472 - INFO - Processing signal: NSE:HONAUT-EQ_2025-05-09 07:00:00+05:30_Sell
2025-05-09 13:15:33,491 - INFO - Processing signal: NSE:IDBI-EQ_2025-05-09 07:00:00+05:30_Sell
2025-05-09 13:15:33,521 - INFO - Processing signal: NSE:IIFL-EQ_2025-05-09 07:00:00+05:30_Buy
2025-05-09 13:15:33,521 - INFO - Opened trade for NSE:IIFL-EQ at 369.8
2025-05-09 13:15:33,536 - INFO - Processing signal: NSE:JBCHEPHARM-EQ_2025-05-09 07:00:00+05:30_Sell
2025-05-09 13:15:33,567 - INFO - Processing signal: NSE:JKPAPER-EQ_2025-05-09 07:00:00+05:30_Sell
2025-05-09 13:15:33,591 - INFO - Processing signal: NSE:KEC-EQ_2025-05-09 07:00:00+05:30_Sell
2025-05-09 13:15:33,606 - INFO - Processing signal: NSE:KPRMILL-EQ_2025-05-09 07:15:00+05:30_Buy
2025-05-09 13:15:33,606 - INFO - Opened trade for NSE:KPRMILL-EQ at 1248.25
2025-05-09 13:15:33,643 - INFO - Processing signal: NSE:LTIM-EQ_2025-05-09 07:15:00+05:30_Buy
2025-05-09 13:15:33,643 - INFO - Opened trade for NSE:LTIM-EQ at 4609.0
2025-05-09 13:15:33,674 - INFO - Processing signal: NSE:MGL-EQ_2025-05-09 07:15:00+05:30_Sell
2025-05-09 13:15:33,685 - INFO - Processing signal: NSE:MPHASIS-EQ_2025-05-09 07:15:00+05:30_Sell
2025-05-09 13:15:33,698 - INFO - Processing signal: NSE:MIDHANI-EQ_2025-05-09 07:15:00+05:30_Buy
2025-05-09 13:15:33,698 - INFO - Opened trade for NSE:MIDHANI-EQ at 315.65
2025-05-09 13:15:33,709 - INFO - Processing signal: NSE:NBCC-EQ_2025-05-09 07:15:00+05:30_Sell
2025-05-09 13:15:33,721 - INFO - Processing signal: NSE:OBEROIRLTY-EQ_2025-05-09 07:15:00+05:30_Sell
2025-05-09 13:15:33,734 - INFO - Processing signal: NSE:OIL-EQ_2025-05-09 07:15:00+05:30_Sell
2025-05-09 13:15:33,745 - INFO - Processing signal: NSE:PNBHOUSING-EQ_2025-05-09 07:15:00+05:30_Sell
2025-05-09 13:15:33,757 - INFO - Processing signal: NSE:RAIN-EQ_2025-05-09 07:15:00+05:30_Sell
2025-05-09 13:15:33,770 - INFO - Processing signal: NSE:RALLIS-EQ_2025-05-09 07:15:00+05:30_Sell
2025-05-09 13:15:33,800 - INFO - Processing signal: NSE:SANGHIIND-EQ_2025-05-09 07:15:00+05:30_Sell
2025-05-09 13:15:33,812 - INFO - Processing signal: NSE:SCHAEFFLER-EQ_2025-05-09 07:15:00+05:30_Buy
2025-05-09 13:15:33,813 - INFO - Opened trade for NSE:SCHAEFFLER-EQ at 3715.3
2025-05-09 13:15:33,824 - INFO - Processing signal: NSE:SEQUENT-EQ_2025-05-09 07:15:00+05:30_Buy
2025-05-09 13:15:33,824 - INFO - Opened trade for NSE:SEQUENT-EQ at 157.0
2025-05-09 13:15:33,854 - INFO - Processing signal: NSE:SOLARINDS-EQ_2025-05-09 07:15:00+05:30_Buy
2025-05-09 13:15:33,854 - INFO - Opened trade for NSE:SOLARINDS-EQ at 13462
2025-05-09 13:15:33,894 - INFO - Processing signal: NSE:TEAMLEASE-EQ_2025-05-09 07:15:00+05:30_Sell
2025-05-09 13:15:33,910 - INFO - Processing signal: NSE:TIMKEN-EQ_2025-05-09 07:15:00+05:30_Buy
2025-05-09 13:15:33,911 - INFO - Opened trade for NSE:TIMKEN-EQ at 2756.8
2025-05-09 13:15:33,923 - INFO - Processing signal: NSE:TRENT-EQ_2025-05-09 07:15:00+05:30_Sell
2025-05-09 13:15:33,941 - INFO - Processing signal: NSE:UCOBANK-EQ_2025-05-09 07:15:00+05:30_Sell
2025-05-09 13:15:33,954 - INFO - Processing signal: NSE:UFLEX-EQ_2025-05-09 07:15:00+05:30_Sell
2025-05-09 13:15:33,965 - INFO - Processing signal: NSE:VIPIND-EQ_2025-05-09 07:15:00+05:30_Buy
2025-05-09 13:15:33,966 - INFO - Opened trade for NSE:VIPIND-EQ at 325.45
2025-05-09 13:15:33,983 - INFO - Processing signal: NSE:WELCORP-EQ_2025-05-09 07:15:00+05:30_Sell
2025-05-09 13:15:34,109 - INFO - App updated at 2025-05-09 13:15:34
2025-05-09 13:15:42,357 - INFO - App updated at 2025-05-09 13:15:42
2025-05-09 13:15:44,916 - INFO - App updated at 2025-05-09 13:15:44
2025-05-09 13:15:53,094 - INFO - App updated at 2025-05-09 13:15:53
2025-05-09 13:15:55,842 - INFO - App updated at 2025-05-09 13:15:55
2025-05-09 13:16:04,164 - INFO - App updated at 2025-05-09 13:16:04
2025-05-09 13:16:06,570 - INFO - App updated at 2025-05-09 13:16:06
2025-05-09 13:16:14,999 - INFO - App updated at 2025-05-09 13:16:14
2025-05-09 13:16:17,350 - INFO - App updated at 2025-05-09 13:16:17
2025-05-09 13:16:25,709 - INFO - App updated at 2025-05-09 13:16:25
2025-05-09 13:16:28,164 - INFO - App updated at 2025-05-09 13:16:28
2025-05-09 13:16:36,385 - INFO - App updated at 2025-05-09 13:16:36
2025-05-09 13:16:38,910 - INFO - App updated at 2025-05-09 13:16:38
2025-05-09 13:16:47,200 - INFO - App updated at 2025-05-09 13:16:47
2025-05-09 13:16:49,611 - INFO - App updated at 2025-05-09 13:16:49
2025-05-09 13:16:57,824 - INFO - App updated at 2025-05-09 13:16:57
2025-05-09 13:17:00,354 - INFO - App updated at 2025-05-09 13:17:00
2025-05-09 13:17:08,440 - INFO - App updated at 2025-05-09 13:17:08
2025-05-09 13:17:10,973 - INFO - App updated at 2025-05-09 13:17:10
2025-05-09 13:17:19,158 - INFO - App updated at 2025-05-09 13:17:19
2025-05-09 13:17:21,586 - INFO - App updated at 2025-05-09 13:17:21
2025-05-09 13:17:29,796 - INFO - App updated at 2025-05-09 13:17:29
2025-05-09 13:17:32,306 - INFO - App updated at 2025-05-09 13:17:32
2025-05-09 13:17:40,559 - INFO - App updated at 2025-05-09 13:17:40
2025-05-09 13:17:43,206 - INFO - App updated at 2025-05-09 13:17:43
2025-05-09 13:17:51,351 - INFO - App updated at 2025-05-09 13:17:51
2025-05-09 13:17:53,980 - INFO - App updated at 2025-05-09 13:17:53
2025-05-09 13:18:02,013 - INFO - App updated at 2025-05-09 13:18:02
2025-05-09 13:18:04,981 - INFO - App updated at 2025-05-09 13:18:04
2025-05-09 13:18:12,641 - INFO - App updated at 2025-05-09 13:18:12
2025-05-09 13:18:15,736 - INFO - App updated at 2025-05-09 13:18:15
2025-05-09 13:18:23,442 - INFO - App updated at 2025-05-09 13:18:23
2025-05-09 13:18:26,644 - INFO - App updated at 2025-05-09 13:18:26
